<?xml version="1.0" encoding="UTF-8"?>
<robot generator="Robot 6.1.1 (Python 3.9.0 on win32)" generated="20240109 18:09:43.460" rpa="false" schemaversion="4">
<suite id="s1" name="TestCase1" source="C:\Users\ECQ1033\Desktop\Optimy\OptimyAuto\TestCase\TestCase1.robot">
<test id="s1-t1" name="Scenario: User Can Submit New Application" line="8">
<kw name="Submitting New Application">
<arg>Automation tester</arg>
<arg>JIRA</arg>
<arg>Belgium</arg>
<kw name="Given User accesses the Home page" library="Application">
<kw name="Open Browser" library="SeleniumLibrary">
<arg>${appURL}</arg>
<arg>${browser}</arg>
<doc>Opens a new browser instance to the optional ``url``.</doc>
<msg timestamp="20240109 18:09:43.703" level="INFO">Opening browser 'chrome' to base url 'https://automationinterface1.front.staging.optimy.net/en/'.</msg>
<status status="PASS" starttime="20240109 18:09:43.702" endtime="20240109 18:09:47.969"/>
</kw>
<kw name="Maximize Browser Window" library="SeleniumLibrary">
<doc>Maximizes current browser window.</doc>
<status status="PASS" starttime="20240109 18:09:47.969" endtime="20240109 18:09:48.090"/>
</kw>
<status status="PASS" starttime="20240109 18:09:43.702" endtime="20240109 18:09:48.090"/>
</kw>
<kw name="And User Login using the credentials" library="Application">
<kw name="Sleep" library="BuiltIn">
<arg>2</arg>
<doc>Pauses the test executed for the given time.</doc>
<msg timestamp="20240109 18:09:50.091" level="INFO">Slept 2 seconds</msg>
<status status="PASS" starttime="20240109 18:09:48.091" endtime="20240109 18:09:50.091"/>
</kw>
<kw name="Handle Alert" library="Application">
<kw name="Run Keyword And Return Status" library="BuiltIn">
<var>${present}</var>
<arg>Page Should Contain</arg>
<arg>This website uses cookies</arg>
<doc>Runs the given keyword with given arguments and returns the status as a Boolean value.</doc>
<kw name="Page Should Contain" library="SeleniumLibrary">
<arg>This website uses cookies</arg>
<doc>Verifies that current page contains ``text``.</doc>
<msg timestamp="20240109 18:09:50.104" level="INFO">Current page contains text 'This website uses cookies'.</msg>
<status status="PASS" starttime="20240109 18:09:50.092" endtime="20240109 18:09:50.104"/>
</kw>
<msg timestamp="20240109 18:09:50.105" level="INFO">${present} = True</msg>
<status status="PASS" starttime="20240109 18:09:50.092" endtime="20240109 18:09:50.105"/>
</kw>
<kw name="Log" library="BuiltIn">
<arg>${present}</arg>
<doc>Logs the given message with the given level.</doc>
<msg timestamp="20240109 18:09:50.105" level="INFO">True</msg>
<status status="PASS" starttime="20240109 18:09:50.105" endtime="20240109 18:09:50.105"/>
</kw>
<kw name="Run Keyword If" library="BuiltIn">
<arg>${present}</arg>
<arg>Click Element</arg>
<arg>${cookie_popup}</arg>
<doc>Runs the given keyword with the given arguments, if ``condition`` is true.</doc>
<kw name="Click Element" library="SeleniumLibrary">
<arg>${cookie_popup}</arg>
<doc>Click the element identified by ``locator``.</doc>
<msg timestamp="20240109 18:09:50.105" level="INFO">Clicking element 'css=#cookie-close-button &gt; span'.</msg>
<status status="PASS" starttime="20240109 18:09:50.105" endtime="20240109 18:09:50.166"/>
</kw>
<status status="PASS" starttime="20240109 18:09:50.105" endtime="20240109 18:09:50.166"/>
</kw>
<kw name="Log" library="BuiltIn">
<arg>${present}</arg>
<doc>Logs the given message with the given level.</doc>
<msg timestamp="20240109 18:09:50.166" level="INFO">True</msg>
<status status="PASS" starttime="20240109 18:09:50.166" endtime="20240109 18:09:50.166"/>
</kw>
<status status="PASS" starttime="20240109 18:09:50.091" endtime="20240109 18:09:50.166"/>
</kw>
<kw name="Sleep" library="BuiltIn">
<arg>1</arg>
<doc>Pauses the test executed for the given time.</doc>
<msg timestamp="20240109 18:09:51.171" level="INFO">Slept 1 second</msg>
<status status="PASS" starttime="20240109 18:09:50.166" endtime="20240109 18:09:51.171"/>
</kw>
<kw name="Click Element" library="SeleniumLibrary">
<arg>${login_link}</arg>
<doc>Click the element identified by ``locator``.</doc>
<msg timestamp="20240109 18:09:51.171" level="INFO">Clicking element 'css=header &gt; div &gt; div &gt; a'.</msg>
<status status="PASS" starttime="20240109 18:09:51.171" endtime="20240109 18:09:52.459"/>
</kw>
<kw name="Input Text" library="SeleniumLibrary">
<arg>${login_email_textbox}</arg>
<arg>${username}</arg>
<doc>Types the given ``text`` into the text field identified by ``locator``.</doc>
<msg timestamp="20240109 18:09:52.461" level="INFO">Typing text 'optimyautomationtester@gmail.com' into text field 'css=#login-email'.</msg>
<status status="PASS" starttime="20240109 18:09:52.459" endtime="20240109 18:09:52.637"/>
</kw>
<kw name="Sleep" library="BuiltIn">
<arg>1</arg>
<doc>Pauses the test executed for the given time.</doc>
<msg timestamp="20240109 18:09:53.650" level="INFO">Slept 1 second</msg>
<status status="PASS" starttime="20240109 18:09:52.637" endtime="20240109 18:09:53.650"/>
</kw>
<kw name="Input Text" library="SeleniumLibrary">
<arg>${login_password_textbox}</arg>
<arg>${password}</arg>
<doc>Types the given ``text`` into the text field identified by ``locator``.</doc>
<msg timestamp="20240109 18:09:53.651" level="INFO">Typing text 'yRMhojb7' into text field 'css=#login-password'.</msg>
<status status="PASS" starttime="20240109 18:09:53.650" endtime="20240109 18:09:53.753"/>
</kw>
<kw name="Sleep" library="BuiltIn">
<arg>1</arg>
<doc>Pauses the test executed for the given time.</doc>
<msg timestamp="20240109 18:09:54.759" level="INFO">Slept 1 second</msg>
<status status="PASS" starttime="20240109 18:09:53.753" endtime="20240109 18:09:54.759"/>
</kw>
<kw name="Click Element" library="SeleniumLibrary">
<arg>${login_button}</arg>
<doc>Click the element identified by ``locator``.</doc>
<msg timestamp="20240109 18:09:54.759" level="INFO">Clicking element 'css=#login-form &gt; div&gt; button'.</msg>
<status status="PASS" starttime="20240109 18:09:54.759" endtime="20240109 18:09:56.306"/>
</kw>
<status status="PASS" starttime="20240109 18:09:48.090" endtime="20240109 18:09:56.306"/>
</kw>
<kw name="And User click Submit a new application button" library="Application">
<kw name="Sleep" library="BuiltIn">
<arg>1</arg>
<doc>Pauses the test executed for the given time.</doc>
<msg timestamp="20240109 18:09:57.311" level="INFO">Slept 1 second</msg>
<status status="PASS" starttime="20240109 18:09:56.306" endtime="20240109 18:09:57.311"/>
</kw>
<kw name="Click Element" library="SeleniumLibrary">
<arg>${submit_new_application_link}</arg>
<doc>Click the element identified by ``locator``.</doc>
<msg timestamp="20240109 18:09:57.312" level="INFO">Clicking element 'css=#content &gt; div &gt; div &gt; div &gt; div &gt; a'.</msg>
<status status="PASS" starttime="20240109 18:09:57.311" endtime="20240109 18:10:00.377"/>
</kw>
<kw name="Sleep" library="BuiltIn">
<arg>1</arg>
<doc>Pauses the test executed for the given time.</doc>
<msg timestamp="20240109 18:10:01.389" level="INFO">Slept 1 second</msg>
<status status="PASS" starttime="20240109 18:10:00.378" endtime="20240109 18:10:01.389"/>
</kw>
<kw name="Click Element" library="SeleniumLibrary">
<arg>${submit_new_application_link2}</arg>
<doc>Click the element identified by ``locator``.</doc>
<msg timestamp="20240109 18:10:01.391" level="INFO">Clicking element 'css=#content &gt; div &gt; div &gt; div &gt; div &gt; section &gt; div &gt; a'.</msg>
<status status="PASS" starttime="20240109 18:10:01.389" endtime="20240109 18:10:10.125"/>
</kw>
<kw name="Sleep" library="BuiltIn">
<arg>5</arg>
<doc>Pauses the test executed for the given time.</doc>
<msg timestamp="20240109 18:10:15.137" level="INFO">Slept 5 seconds</msg>
<status status="PASS" starttime="20240109 18:10:10.125" endtime="20240109 18:10:15.137"/>
</kw>
<status status="PASS" starttime="20240109 18:09:56.306" endtime="20240109 18:10:15.137"/>
</kw>
<kw name="And User Fill-out the forms" library="Application">
<arg>${role}</arg>
<arg>${tools}</arg>
<arg>${country}</arg>
<kw name="Page Should Contain" library="SeleniumLibrary">
<arg>Fill-out all forms</arg>
<doc>Verifies that current page contains ``text``.</doc>
<msg timestamp="20240109 18:10:15.156" level="INFO">Current page contains text 'Fill-out all forms'.</msg>
<status status="PASS" starttime="20240109 18:10:15.138" endtime="20240109 18:10:15.156"/>
</kw>
<kw name="Enter Personal Details" library="Application">
<kw name="Input Text" library="SeleniumLibrary">
<arg>${firstname_textbox}</arg>
<arg>${firstname}</arg>
<doc>Types the given ``text`` into the text field identified by ``locator``.</doc>
<msg timestamp="20240109 18:10:15.157" level="INFO">Typing text 'Ronwald' into text field 'css=input[aria-label='First name']'.</msg>
<status status="PASS" starttime="20240109 18:10:15.157" endtime="20240109 18:10:15.249"/>
</kw>
<kw name="Input Text" library="SeleniumLibrary">
<arg>${lastname_textbox}</arg>
<arg>${lastname}</arg>
<doc>Types the given ``text`` into the text field identified by ``locator``.</doc>
<msg timestamp="20240109 18:10:15.250" level="INFO">Typing text 'Test' into text field 'css=input[aria-label='Last name']'.</msg>
<status status="PASS" starttime="20240109 18:10:15.249" endtime="20240109 18:10:15.350"/>
</kw>
<kw name="Sleep" library="BuiltIn">
<arg>1</arg>
<doc>Pauses the test executed for the given time.</doc>
<msg timestamp="20240109 18:10:16.361" level="INFO">Slept 1 second</msg>
<status status="PASS" starttime="20240109 18:10:15.351" endtime="20240109 18:10:16.361"/>
</kw>
<status status="PASS" starttime="20240109 18:10:15.156" endtime="20240109 18:10:16.361"/>
</kw>
<kw name="Enter Address" library="Application">
<kw name="Input Text" library="SeleniumLibrary">
<arg>${unitNo_textbox}</arg>
<arg>${unitNumber}</arg>
<doc>Types the given ``text`` into the text field identified by ``locator``.</doc>
<msg timestamp="20240109 18:10:16.362" level="INFO">Typing text 'Unit 100 Test St' into text field 'css=textarea[aria-label='Unit no/House no, Street']'.</msg>
<status status="PASS" starttime="20240109 18:10:16.362" endtime="20240109 18:10:16.479"/>
</kw>
<kw name="Sleep" library="BuiltIn">
<arg>1</arg>
<doc>Pauses the test executed for the given time.</doc>
<msg timestamp="20240109 18:10:17.487" level="INFO">Slept 1 second</msg>
<status status="PASS" starttime="20240109 18:10:16.479" endtime="20240109 18:10:17.487"/>
</kw>
<status status="PASS" starttime="20240109 18:10:16.361" endtime="20240109 18:10:17.487"/>
</kw>
<kw name="Select Postal Code" library="Application">
<kw name="Input Text" library="SeleniumLibrary">
<arg>${postalcode_textbox}</arg>
<arg>1000</arg>
<doc>Types the given ``text`` into the text field identified by ``locator``.</doc>
<msg timestamp="20240109 18:10:17.490" level="INFO">Typing text '1000' into text field 'css=input[aria-label='Select postal code']'.</msg>
<status status="PASS" starttime="20240109 18:10:17.488" endtime="20240109 18:10:17.586"/>
</kw>
<kw name="Sleep" library="BuiltIn">
<arg>2</arg>
<doc>Pauses the test executed for the given time.</doc>
<msg timestamp="20240109 18:10:19.588" level="INFO">Slept 2 seconds</msg>
<status status="PASS" starttime="20240109 18:10:17.586" endtime="20240109 18:10:19.588"/>
</kw>
<kw name="Press Keys" library="SeleniumLibrary">
<arg>${postalcode_textbox}</arg>
<arg>DOWN</arg>
<doc>Simulates the user pressing key(s) to an element or on the active browser.</doc>
<msg timestamp="20240109 18:10:19.589" level="INFO">Sending key(s) ('DOWN',) to css=input[aria-label='Select postal code'] element.</msg>
<msg timestamp="20240109 18:10:19.874" level="INFO">Pressing special key DOWN to element.</msg>
<msg timestamp="20240109 18:10:19.874" level="INFO">Releasing special key DOWN.</msg>
<status status="PASS" starttime="20240109 18:10:19.588" endtime="20240109 18:10:19.883"/>
</kw>
<kw name="Sleep" library="BuiltIn">
<arg>1</arg>
<doc>Pauses the test executed for the given time.</doc>
<msg timestamp="20240109 18:10:20.890" level="INFO">Slept 1 second</msg>
<status status="PASS" starttime="20240109 18:10:19.883" endtime="20240109 18:10:20.890"/>
</kw>
<kw name="Press Keys" library="SeleniumLibrary">
<arg>${postalcode_textbox}</arg>
<arg>ENTER</arg>
<doc>Simulates the user pressing key(s) to an element or on the active browser.</doc>
<msg timestamp="20240109 18:10:20.892" level="INFO">Sending key(s) ('ENTER',) to css=input[aria-label='Select postal code'] element.</msg>
<msg timestamp="20240109 18:10:21.175" level="INFO">Pressing special key ENTER to element.</msg>
<msg timestamp="20240109 18:10:21.175" level="INFO">Releasing special key ENTER.</msg>
<status status="PASS" starttime="20240109 18:10:20.890" endtime="20240109 18:10:21.181"/>
</kw>
<status status="PASS" starttime="20240109 18:10:17.487" endtime="20240109 18:10:21.181"/>
</kw>
<kw name="Select Country" library="Application">
<arg>${country}</arg>
<kw name="Select From List By Label" library="SeleniumLibrary">
<arg>${country_dropdown}</arg>
<arg>${country}</arg>
<doc>Selects options from selection list ``locator`` by ``labels``.</doc>
<msg timestamp="20240109 18:10:21.182" level="INFO">Selecting options from selection list 'css=select[aria-label='Country']' by label Belgium.</msg>
<status status="PASS" starttime="20240109 18:10:21.182" endtime="20240109 18:10:21.277"/>
</kw>
<status status="PASS" starttime="20240109 18:10:21.181" endtime="20240109 18:10:21.278"/>
</kw>
<kw name="Upload Photo" library="Application">
<kw name="Sleep" library="BuiltIn">
<arg>2</arg>
<doc>Pauses the test executed for the given time.</doc>
<msg timestamp="20240109 18:10:23.293" level="INFO">Slept 2 seconds</msg>
<status status="PASS" starttime="20240109 18:10:21.278" endtime="20240109 18:10:23.293"/>
</kw>
<kw name="Choose File" library="SeleniumLibrary">
<arg>${uploadPhoto_button}</arg>
<arg>${projectPath}${/}Upload File${/}myPhoto.png</arg>
<doc>Inputs the ``file_path`` into the file input field ``locator``.</doc>
<msg timestamp="20240109 18:10:23.293" level="INFO">Sending C:\Users\ECQ1033\Desktop\Optimy\OptimyAuto\Resource\Upload File\myPhoto.png to browser.</msg>
<status status="PASS" starttime="20240109 18:10:23.293" endtime="20240109 18:10:23.334"/>
</kw>
<kw name="Sleep" library="BuiltIn">
<arg>2</arg>
<doc>Pauses the test executed for the given time.</doc>
<msg timestamp="20240109 18:10:25.346" level="INFO">Slept 2 seconds</msg>
<status status="PASS" starttime="20240109 18:10:23.334" endtime="20240109 18:10:25.346"/>
</kw>
<status status="PASS" starttime="20240109 18:10:21.278" endtime="20240109 18:10:25.346"/>
</kw>
<kw name="Select Gender" library="Application">
<kw name="Wait Until Element Is Enabled" library="SeleniumLibrary">
<arg>${male_radiobutton}</arg>
<doc>Waits until the element ``locator`` is enabled.</doc>
<status status="PASS" starttime="20240109 18:10:25.346" endtime="20240109 18:10:25.376"/>
</kw>
<kw name="Click Element" library="SeleniumLibrary">
<arg>${male_radiobutton}</arg>
<doc>Click the element identified by ``locator``.</doc>
<msg timestamp="20240109 18:10:25.377" level="INFO">Clicking element 'css=label[aria-label='Male']'.</msg>
<status status="PASS" starttime="20240109 18:10:25.376" endtime="20240109 18:10:25.428"/>
</kw>
<kw name="Sleep" library="BuiltIn">
<arg>2</arg>
<doc>Pauses the test executed for the given time.</doc>
<msg timestamp="20240109 18:10:27.443" level="INFO">Slept 2 seconds</msg>
<status status="PASS" starttime="20240109 18:10:25.428" endtime="20240109 18:10:27.443"/>
</kw>
<status status="PASS" starttime="20240109 18:10:25.346" endtime="20240109 18:10:27.443"/>
</kw>
<kw name="Select Role" library="Application">
<arg>${role}</arg>
<kw name="Wait Until Element Is Enabled" library="SeleniumLibrary">
<arg>${role_dropdown}</arg>
<doc>Waits until the element ``locator`` is enabled.</doc>
<status status="PASS" starttime="20240109 18:10:27.444" endtime="20240109 18:10:27.471"/>
</kw>
<kw name="Select From List By Label" library="SeleniumLibrary">
<arg>${role_dropdown}</arg>
<arg>${role}</arg>
<doc>Selects options from selection list ``locator`` by ``labels``.</doc>
<msg timestamp="20240109 18:10:27.471" level="INFO">Selecting options from selection list 'css=select[aria-label="Select a role you're applying for"]' by label Automation tester.</msg>
<status status="PASS" starttime="20240109 18:10:27.471" endtime="20240109 18:10:27.545"/>
</kw>
<kw name="Sleep" library="BuiltIn">
<arg>2</arg>
<doc>Pauses the test executed for the given time.</doc>
<msg timestamp="20240109 18:10:29.557" level="INFO">Slept 2 seconds</msg>
<status status="PASS" starttime="20240109 18:10:27.545" endtime="20240109 18:10:29.557"/>
</kw>
<status status="PASS" starttime="20240109 18:10:27.443" endtime="20240109 18:10:29.557"/>
</kw>
<kw name="Select Tools" library="Application">
<arg>${tools}</arg>
<kw name="Click Element" library="SeleniumLibrary">
<arg>css=label[aria-label='${tools}']</arg>
<doc>Click the element identified by ``locator``.</doc>
<msg timestamp="20240109 18:10:29.557" level="INFO">Clicking element 'css=label[aria-label='JIRA']'.</msg>
<status status="PASS" starttime="20240109 18:10:29.557" endtime="20240109 18:10:29.604"/>
</kw>
<kw name="Sleep" library="BuiltIn">
<arg>2</arg>
<doc>Pauses the test executed for the given time.</doc>
<msg timestamp="20240109 18:10:31.608" level="INFO">Slept 2 seconds</msg>
<status status="PASS" starttime="20240109 18:10:29.605" endtime="20240109 18:10:31.608"/>
</kw>
<status status="PASS" starttime="20240109 18:10:29.557" endtime="20240109 18:10:31.608"/>
</kw>
<kw name="Enter Career Objective" library="Application">
<kw name="Select Frame" library="SeleniumLibrary">
<arg>${careerObjective_iframe}</arg>
<doc>Sets frame identified by ``locator`` as the current frame.</doc>
<msg timestamp="20240109 18:10:31.609" level="INFO">Selecting frame 'css=#cke_1_contents &gt; iframe'.</msg>
<status status="PASS" starttime="20240109 18:10:31.609" endtime="20240109 18:10:31.637"/>
</kw>
<kw name="Sleep" library="BuiltIn">
<arg>2</arg>
<doc>Pauses the test executed for the given time.</doc>
<msg timestamp="20240109 18:10:33.646" level="INFO">Slept 2 seconds</msg>
<status status="PASS" starttime="20240109 18:10:31.637" endtime="20240109 18:10:33.646"/>
</kw>
<kw name="Wait Until Element Is Enabled" library="SeleniumLibrary">
<arg>${careerObjective_textbox}</arg>
<doc>Waits until the element ``locator`` is enabled.</doc>
<status status="PASS" starttime="20240109 18:10:33.646" endtime="20240109 18:10:33.676"/>
</kw>
<kw name="Sleep" library="BuiltIn">
<arg>2</arg>
<doc>Pauses the test executed for the given time.</doc>
<msg timestamp="20240109 18:10:35.687" level="INFO">Slept 2 seconds</msg>
<status status="PASS" starttime="20240109 18:10:33.676" endtime="20240109 18:10:35.687"/>
</kw>
<kw name="Scroll Element Into View" library="SeleniumLibrary">
<arg>${careerObjective_textbox}</arg>
<doc>Scrolls the element identified by ``locator`` into view.</doc>
<status status="PASS" starttime="20240109 18:10:35.687" endtime="20240109 18:10:35.997"/>
</kw>
<kw name="Input Text" library="SeleniumLibrary">
<arg>${careerObjective_textbox}</arg>
<arg>${careerObjective}</arg>
<doc>Types the given ``text`` into the text field identified by ``locator``.</doc>
<msg timestamp="20240109 18:10:35.997" level="INFO">Typing text 'Test career Objective' into text field 'css=body[role='textbox']'.</msg>
<status status="PASS" starttime="20240109 18:10:35.997" endtime="20240109 18:10:36.123"/>
</kw>
<kw name="Sleep" library="BuiltIn">
<arg>2</arg>
<doc>Pauses the test executed for the given time.</doc>
<msg timestamp="20240109 18:10:38.138" level="INFO">Slept 2 seconds</msg>
<status status="PASS" starttime="20240109 18:10:36.123" endtime="20240109 18:10:38.138"/>
</kw>
<kw name="Unselect Frame" library="SeleniumLibrary">
<doc>Sets the main frame as the current frame.</doc>
<status status="PASS" starttime="20240109 18:10:38.138" endtime="20240109 18:10:38.140"/>
</kw>
<kw name="Sleep" library="BuiltIn">
<arg>2</arg>
<doc>Pauses the test executed for the given time.</doc>
<msg timestamp="20240109 18:10:40.143" level="INFO">Slept 2 seconds</msg>
<status status="PASS" starttime="20240109 18:10:38.140" endtime="20240109 18:10:40.143"/>
</kw>
<kw name="Wait Until Element Is Enabled" library="SeleniumLibrary">
<arg>${nextScreen_button}</arg>
<doc>Waits until the element ``locator`` is enabled.</doc>
<status status="PASS" starttime="20240109 18:10:40.143" endtime="20240109 18:10:40.170"/>
</kw>
<kw name="Click Element" library="SeleniumLibrary">
<arg>${nextScreen_button}</arg>
<doc>Click the element identified by ``locator``.</doc>
<msg timestamp="20240109 18:10:40.171" level="INFO">Clicking element 'css=button[id='navButtonNext']'.</msg>
<status status="PASS" starttime="20240109 18:10:40.171" endtime="20240109 18:10:40.221"/>
</kw>
<kw name="Sleep" library="BuiltIn">
<arg>2</arg>
<doc>Pauses the test executed for the given time.</doc>
<msg timestamp="20240109 18:10:42.230" level="INFO">Slept 2 seconds</msg>
<status status="PASS" starttime="20240109 18:10:40.221" endtime="20240109 18:10:42.230"/>
</kw>
<status status="PASS" starttime="20240109 18:10:31.608" endtime="20240109 18:10:42.230"/>
</kw>
<status status="PASS" starttime="20240109 18:10:15.138" endtime="20240109 18:10:42.230"/>
</kw>
<kw name="And User Verify All Inputted Values Are Displayed In Summary Screen" library="Application">
<arg>${role}</arg>
<arg>${tools}</arg>
<arg>${country}</arg>
<kw name="Sleep" library="BuiltIn">
<arg>5</arg>
<doc>Pauses the test executed for the given time.</doc>
<msg timestamp="20240109 18:10:47.239" level="INFO">Slept 5 seconds</msg>
<status status="PASS" starttime="20240109 18:10:42.231" endtime="20240109 18:10:47.239"/>
</kw>
<kw name="Wait Until Page Contains" library="SeleniumLibrary">
<arg>Summary</arg>
<doc>Waits until ``text`` appears on the current page.</doc>
<status status="PASS" starttime="20240109 18:10:47.239" endtime="20240109 18:10:49.962"/>
</kw>
<kw name="Page Should Contain" library="SeleniumLibrary">
<arg>${firstname}</arg>
<doc>Verifies that current page contains ``text``.</doc>
<msg timestamp="20240109 18:10:49.978" level="INFO">Current page contains text 'Ronwald'.</msg>
<status status="PASS" starttime="20240109 18:10:49.962" endtime="20240109 18:10:49.978"/>
</kw>
<kw name="Page Should Contain" library="SeleniumLibrary">
<arg>${lastname}</arg>
<doc>Verifies that current page contains ``text``.</doc>
<msg timestamp="20240109 18:10:49.995" level="INFO">Current page contains text 'Test'.</msg>
<status status="PASS" starttime="20240109 18:10:49.978" endtime="20240109 18:10:49.995"/>
</kw>
<kw name="Page Should Contain" library="SeleniumLibrary">
<arg>${unitNumber}</arg>
<doc>Verifies that current page contains ``text``.</doc>
<msg timestamp="20240109 18:10:50.010" level="INFO">Current page contains text 'Unit 100 Test St'.</msg>
<status status="PASS" starttime="20240109 18:10:49.995" endtime="20240109 18:10:50.011"/>
</kw>
<kw name="Page Should Contain" library="SeleniumLibrary">
<arg>1000 - Bruxelles / Brussel</arg>
<doc>Verifies that current page contains ``text``.</doc>
<msg timestamp="20240109 18:10:50.025" level="INFO">Current page contains text '1000 - Bruxelles / Brussel'.</msg>
<status status="PASS" starttime="20240109 18:10:50.011" endtime="20240109 18:10:50.025"/>
</kw>
<kw name="Page Should Contain" library="SeleniumLibrary">
<arg>${country}</arg>
<doc>Verifies that current page contains ``text``.</doc>
<msg timestamp="20240109 18:10:50.039" level="INFO">Current page contains text 'Belgium'.</msg>
<status status="PASS" starttime="20240109 18:10:50.025" endtime="20240109 18:10:50.040"/>
</kw>
<kw name="Page Should Contain" library="SeleniumLibrary">
<arg>Male</arg>
<doc>Verifies that current page contains ``text``.</doc>
<msg timestamp="20240109 18:10:50.053" level="INFO">Current page contains text 'Male'.</msg>
<status status="PASS" starttime="20240109 18:10:50.040" endtime="20240109 18:10:50.053"/>
</kw>
<kw name="Page Should Contain" library="SeleniumLibrary">
<arg>${role}</arg>
<doc>Verifies that current page contains ``text``.</doc>
<msg timestamp="20240109 18:10:50.070" level="INFO">Current page contains text 'Automation tester'.</msg>
<status status="PASS" starttime="20240109 18:10:50.054" endtime="20240109 18:10:50.070"/>
</kw>
<kw name="Page Should Contain" library="SeleniumLibrary">
<arg>${tools}</arg>
<doc>Verifies that current page contains ``text``.</doc>
<msg timestamp="20240109 18:10:50.087" level="INFO">Current page contains text 'JIRA'.</msg>
<status status="PASS" starttime="20240109 18:10:50.070" endtime="20240109 18:10:50.087"/>
</kw>
<kw name="Page Should Contain" library="SeleniumLibrary">
<arg>${careerObjective}</arg>
<doc>Verifies that current page contains ``text``.</doc>
<msg timestamp="20240109 18:10:50.103" level="INFO">Current page contains text 'Test career Objective'.</msg>
<status status="PASS" starttime="20240109 18:10:50.087" endtime="20240109 18:10:50.103"/>
</kw>
<kw name="Capture Page Screenshot" library="SeleniumLibrary">
<doc>Takes a screenshot of the current page and embeds it into a log file.</doc>
<msg timestamp="20240109 18:10:50.275" level="INFO" html="true">&lt;/td&gt;&lt;/tr&gt;&lt;tr&gt;&lt;td colspan="3"&gt;&lt;a href="selenium-screenshot-1.png"&gt;&lt;img src="selenium-screenshot-1.png" width="800px"&gt;&lt;/a&gt;</msg>
<status status="PASS" starttime="20240109 18:10:50.103" endtime="20240109 18:10:50.275"/>
</kw>
<status status="PASS" starttime="20240109 18:10:42.230" endtime="20240109 18:10:50.276"/>
</kw>
<kw name="And User Click Validate and send button" library="Application">
<kw name="Wait Until Element Is Enabled" library="SeleniumLibrary">
<arg>${submit_button}</arg>
<doc>Waits until the element ``locator`` is enabled.</doc>
<status status="PASS" starttime="20240109 18:10:50.276" endtime="20240109 18:10:50.303"/>
</kw>
<kw name="Click Element" library="SeleniumLibrary">
<arg>${submit_button}</arg>
<doc>Click the element identified by ``locator``.</doc>
<msg timestamp="20240109 18:10:50.304" level="INFO">Clicking element 'css=button[class='btn btn-primary ml-md-auto']'.</msg>
<status status="PASS" starttime="20240109 18:10:50.303" endtime="20240109 18:10:50.352"/>
</kw>
<kw name="Sleep" library="BuiltIn">
<arg>5</arg>
<doc>Pauses the test executed for the given time.</doc>
<msg timestamp="20240109 18:10:55.366" level="INFO">Slept 5 seconds</msg>
<status status="PASS" starttime="20240109 18:10:50.352" endtime="20240109 18:10:55.366"/>
</kw>
<status status="PASS" starttime="20240109 18:10:50.276" endtime="20240109 18:10:55.366"/>
</kw>
<kw name="Then Verify User Is Redirected To Confirmation Page" library="Application">
<kw name="Page Should Contain" library="SeleniumLibrary">
<arg>Thank you for submitting your project</arg>
<doc>Verifies that current page contains ``text``.</doc>
<msg timestamp="20240109 18:10:55.382" level="INFO">Current page contains text 'Thank you for submitting your project'.</msg>
<status status="PASS" starttime="20240109 18:10:55.367" endtime="20240109 18:10:55.383"/>
</kw>
<kw name="Capture Page Screenshot" library="SeleniumLibrary">
<doc>Takes a screenshot of the current page and embeds it into a log file.</doc>
<msg timestamp="20240109 18:10:55.506" level="INFO" html="true">&lt;/td&gt;&lt;/tr&gt;&lt;tr&gt;&lt;td colspan="3"&gt;&lt;a href="selenium-screenshot-2.png"&gt;&lt;img src="selenium-screenshot-2.png" width="800px"&gt;&lt;/a&gt;</msg>
<status status="PASS" starttime="20240109 18:10:55.383" endtime="20240109 18:10:55.506"/>
</kw>
<kw name="Close Browser" library="SeleniumLibrary">
<doc>Closes the current browser.</doc>
<status status="PASS" starttime="20240109 18:10:55.506" endtime="20240109 18:10:57.649"/>
</kw>
<status status="PASS" starttime="20240109 18:10:55.366" endtime="20240109 18:10:57.650"/>
</kw>
<status status="PASS" starttime="20240109 18:09:43.702" endtime="20240109 18:10:57.650"/>
</kw>
<kw name="Submitting New Application">
<arg>Automation tester</arg>
<arg>Java</arg>
<arg>Alaska</arg>
<kw name="Given User accesses the Home page" library="Application">
<kw name="Open Browser" library="SeleniumLibrary">
<arg>${appURL}</arg>
<arg>${browser}</arg>
<doc>Opens a new browser instance to the optional ``url``.</doc>
<msg timestamp="20240109 18:10:57.651" level="INFO">Opening browser 'chrome' to base url 'https://automationinterface1.front.staging.optimy.net/en/'.</msg>
<status status="PASS" starttime="20240109 18:10:57.651" endtime="20240109 18:11:01.153"/>
</kw>
<kw name="Maximize Browser Window" library="SeleniumLibrary">
<doc>Maximizes current browser window.</doc>
<status status="PASS" starttime="20240109 18:11:01.153" endtime="20240109 18:11:01.305"/>
</kw>
<status status="PASS" starttime="20240109 18:10:57.650" endtime="20240109 18:11:01.306"/>
</kw>
<kw name="And User Login using the credentials" library="Application">
<kw name="Sleep" library="BuiltIn">
<arg>2</arg>
<doc>Pauses the test executed for the given time.</doc>
<msg timestamp="20240109 18:11:03.310" level="INFO">Slept 2 seconds</msg>
<status status="PASS" starttime="20240109 18:11:01.306" endtime="20240109 18:11:03.310"/>
</kw>
<kw name="Handle Alert" library="Application">
<kw name="Run Keyword And Return Status" library="BuiltIn">
<var>${present}</var>
<arg>Page Should Contain</arg>
<arg>This website uses cookies</arg>
<doc>Runs the given keyword with given arguments and returns the status as a Boolean value.</doc>
<kw name="Page Should Contain" library="SeleniumLibrary">
<arg>This website uses cookies</arg>
<doc>Verifies that current page contains ``text``.</doc>
<msg timestamp="20240109 18:11:03.323" level="INFO">Current page contains text 'This website uses cookies'.</msg>
<status status="PASS" starttime="20240109 18:11:03.310" endtime="20240109 18:11:03.325"/>
</kw>
<msg timestamp="20240109 18:11:03.325" level="INFO">${present} = True</msg>
<status status="PASS" starttime="20240109 18:11:03.310" endtime="20240109 18:11:03.325"/>
</kw>
<kw name="Log" library="BuiltIn">
<arg>${present}</arg>
<doc>Logs the given message with the given level.</doc>
<msg timestamp="20240109 18:11:03.325" level="INFO">True</msg>
<status status="PASS" starttime="20240109 18:11:03.325" endtime="20240109 18:11:03.325"/>
</kw>
<kw name="Run Keyword If" library="BuiltIn">
<arg>${present}</arg>
<arg>Click Element</arg>
<arg>${cookie_popup}</arg>
<doc>Runs the given keyword with the given arguments, if ``condition`` is true.</doc>
<kw name="Click Element" library="SeleniumLibrary">
<arg>${cookie_popup}</arg>
<doc>Click the element identified by ``locator``.</doc>
<msg timestamp="20240109 18:11:03.326" level="INFO">Clicking element 'css=#cookie-close-button &gt; span'.</msg>
<status status="PASS" starttime="20240109 18:11:03.325" endtime="20240109 18:11:03.384"/>
</kw>
<status status="PASS" starttime="20240109 18:11:03.325" endtime="20240109 18:11:03.385"/>
</kw>
<kw name="Log" library="BuiltIn">
<arg>${present}</arg>
<doc>Logs the given message with the given level.</doc>
<msg timestamp="20240109 18:11:03.385" level="INFO">True</msg>
<status status="PASS" starttime="20240109 18:11:03.385" endtime="20240109 18:11:03.385"/>
</kw>
<status status="PASS" starttime="20240109 18:11:03.310" endtime="20240109 18:11:03.385"/>
</kw>
<kw name="Sleep" library="BuiltIn">
<arg>1</arg>
<doc>Pauses the test executed for the given time.</doc>
<msg timestamp="20240109 18:11:04.389" level="INFO">Slept 1 second</msg>
<status status="PASS" starttime="20240109 18:11:03.385" endtime="20240109 18:11:04.389"/>
</kw>
<kw name="Click Element" library="SeleniumLibrary">
<arg>${login_link}</arg>
<doc>Click the element identified by ``locator``.</doc>
<msg timestamp="20240109 18:11:04.390" level="INFO">Clicking element 'css=header &gt; div &gt; div &gt; a'.</msg>
<status status="PASS" starttime="20240109 18:11:04.389" endtime="20240109 18:11:05.609"/>
</kw>
<kw name="Input Text" library="SeleniumLibrary">
<arg>${login_email_textbox}</arg>
<arg>${username}</arg>
<doc>Types the given ``text`` into the text field identified by ``locator``.</doc>
<msg timestamp="20240109 18:11:05.610" level="INFO">Typing text 'optimyautomationtester@gmail.com' into text field 'css=#login-email'.</msg>
<status status="PASS" starttime="20240109 18:11:05.609" endtime="20240109 18:11:05.782"/>
</kw>
<kw name="Sleep" library="BuiltIn">
<arg>1</arg>
<doc>Pauses the test executed for the given time.</doc>
<msg timestamp="20240109 18:11:06.788" level="INFO">Slept 1 second</msg>
<status status="PASS" starttime="20240109 18:11:05.782" endtime="20240109 18:11:06.788"/>
</kw>
<kw name="Input Text" library="SeleniumLibrary">
<arg>${login_password_textbox}</arg>
<arg>${password}</arg>
<doc>Types the given ``text`` into the text field identified by ``locator``.</doc>
<msg timestamp="20240109 18:11:06.789" level="INFO">Typing text 'yRMhojb7' into text field 'css=#login-password'.</msg>
<status status="PASS" starttime="20240109 18:11:06.788" endtime="20240109 18:11:06.895"/>
</kw>
<kw name="Sleep" library="BuiltIn">
<arg>1</arg>
<doc>Pauses the test executed for the given time.</doc>
<msg timestamp="20240109 18:11:07.907" level="INFO">Slept 1 second</msg>
<status status="PASS" starttime="20240109 18:11:06.895" endtime="20240109 18:11:07.907"/>
</kw>
<kw name="Click Element" library="SeleniumLibrary">
<arg>${login_button}</arg>
<doc>Click the element identified by ``locator``.</doc>
<msg timestamp="20240109 18:11:07.909" level="INFO">Clicking element 'css=#login-form &gt; div&gt; button'.</msg>
<status status="PASS" starttime="20240109 18:11:07.907" endtime="20240109 18:11:09.496"/>
</kw>
<status status="PASS" starttime="20240109 18:11:01.306" endtime="20240109 18:11:09.496"/>
</kw>
<kw name="And User click Submit a new application button" library="Application">
<kw name="Sleep" library="BuiltIn">
<arg>1</arg>
<doc>Pauses the test executed for the given time.</doc>
<msg timestamp="20240109 18:11:10.509" level="INFO">Slept 1 second</msg>
<status status="PASS" starttime="20240109 18:11:09.496" endtime="20240109 18:11:10.509"/>
</kw>
<kw name="Click Element" library="SeleniumLibrary">
<arg>${submit_new_application_link}</arg>
<doc>Click the element identified by ``locator``.</doc>
<msg timestamp="20240109 18:11:10.511" level="INFO">Clicking element 'css=#content &gt; div &gt; div &gt; div &gt; div &gt; a'.</msg>
<status status="PASS" starttime="20240109 18:11:10.509" endtime="20240109 18:11:13.613"/>
</kw>
<kw name="Sleep" library="BuiltIn">
<arg>1</arg>
<doc>Pauses the test executed for the given time.</doc>
<msg timestamp="20240109 18:11:14.625" level="INFO">Slept 1 second</msg>
<status status="PASS" starttime="20240109 18:11:13.613" endtime="20240109 18:11:14.625"/>
</kw>
<kw name="Click Element" library="SeleniumLibrary">
<arg>${submit_new_application_link2}</arg>
<doc>Click the element identified by ``locator``.</doc>
<msg timestamp="20240109 18:11:14.625" level="INFO">Clicking element 'css=#content &gt; div &gt; div &gt; div &gt; div &gt; section &gt; div &gt; a'.</msg>
<status status="PASS" starttime="20240109 18:11:14.625" endtime="20240109 18:11:22.978"/>
</kw>
<kw name="Sleep" library="BuiltIn">
<arg>5</arg>
<doc>Pauses the test executed for the given time.</doc>
<msg timestamp="20240109 18:11:27.988" level="INFO">Slept 5 seconds</msg>
<status status="PASS" starttime="20240109 18:11:22.978" endtime="20240109 18:11:27.988"/>
</kw>
<status status="PASS" starttime="20240109 18:11:09.496" endtime="20240109 18:11:27.988"/>
</kw>
<kw name="And User Fill-out the forms" library="Application">
<arg>${role}</arg>
<arg>${tools}</arg>
<arg>${country}</arg>
<kw name="Page Should Contain" library="SeleniumLibrary">
<arg>Fill-out all forms</arg>
<doc>Verifies that current page contains ``text``.</doc>
<msg timestamp="20240109 18:11:28.005" level="INFO">Current page contains text 'Fill-out all forms'.</msg>
<status status="PASS" starttime="20240109 18:11:27.989" endtime="20240109 18:11:28.006"/>
</kw>
<kw name="Enter Personal Details" library="Application">
<kw name="Input Text" library="SeleniumLibrary">
<arg>${firstname_textbox}</arg>
<arg>${firstname}</arg>
<doc>Types the given ``text`` into the text field identified by ``locator``.</doc>
<msg timestamp="20240109 18:11:28.007" level="INFO">Typing text 'Ronwald' into text field 'css=input[aria-label='First name']'.</msg>
<status status="PASS" starttime="20240109 18:11:28.006" endtime="20240109 18:11:28.108"/>
</kw>
<kw name="Input Text" library="SeleniumLibrary">
<arg>${lastname_textbox}</arg>
<arg>${lastname}</arg>
<doc>Types the given ``text`` into the text field identified by ``locator``.</doc>
<msg timestamp="20240109 18:11:28.109" level="INFO">Typing text 'Test' into text field 'css=input[aria-label='Last name']'.</msg>
<status status="PASS" starttime="20240109 18:11:28.109" endtime="20240109 18:11:28.209"/>
</kw>
<kw name="Sleep" library="BuiltIn">
<arg>1</arg>
<doc>Pauses the test executed for the given time.</doc>
<msg timestamp="20240109 18:11:29.222" level="INFO">Slept 1 second</msg>
<status status="PASS" starttime="20240109 18:11:28.209" endtime="20240109 18:11:29.222"/>
</kw>
<status status="PASS" starttime="20240109 18:11:28.006" endtime="20240109 18:11:29.222"/>
</kw>
<kw name="Enter Address" library="Application">
<kw name="Input Text" library="SeleniumLibrary">
<arg>${unitNo_textbox}</arg>
<arg>${unitNumber}</arg>
<doc>Types the given ``text`` into the text field identified by ``locator``.</doc>
<msg timestamp="20240109 18:11:29.223" level="INFO">Typing text 'Unit 100 Test St' into text field 'css=textarea[aria-label='Unit no/House no, Street']'.</msg>
<status status="PASS" starttime="20240109 18:11:29.222" endtime="20240109 18:11:29.345"/>
</kw>
<kw name="Sleep" library="BuiltIn">
<arg>1</arg>
<doc>Pauses the test executed for the given time.</doc>
<msg timestamp="20240109 18:11:30.349" level="INFO">Slept 1 second</msg>
<status status="PASS" starttime="20240109 18:11:29.345" endtime="20240109 18:11:30.349"/>
</kw>
<status status="PASS" starttime="20240109 18:11:29.222" endtime="20240109 18:11:30.349"/>
</kw>
<kw name="Select Postal Code" library="Application">
<kw name="Input Text" library="SeleniumLibrary">
<arg>${postalcode_textbox}</arg>
<arg>1000</arg>
<doc>Types the given ``text`` into the text field identified by ``locator``.</doc>
<msg timestamp="20240109 18:11:30.350" level="INFO">Typing text '1000' into text field 'css=input[aria-label='Select postal code']'.</msg>
<status status="PASS" starttime="20240109 18:11:30.350" endtime="20240109 18:11:30.442"/>
</kw>
<kw name="Sleep" library="BuiltIn">
<arg>2</arg>
<doc>Pauses the test executed for the given time.</doc>
<msg timestamp="20240109 18:11:32.446" level="INFO">Slept 2 seconds</msg>
<status status="PASS" starttime="20240109 18:11:30.442" endtime="20240109 18:11:32.446"/>
</kw>
<kw name="Press Keys" library="SeleniumLibrary">
<arg>${postalcode_textbox}</arg>
<arg>DOWN</arg>
<doc>Simulates the user pressing key(s) to an element or on the active browser.</doc>
<msg timestamp="20240109 18:11:32.447" level="INFO">Sending key(s) ('DOWN',) to css=input[aria-label='Select postal code'] element.</msg>
<msg timestamp="20240109 18:11:32.729" level="INFO">Pressing special key DOWN to element.</msg>
<msg timestamp="20240109 18:11:32.729" level="INFO">Releasing special key DOWN.</msg>
<status status="PASS" starttime="20240109 18:11:32.446" endtime="20240109 18:11:32.741"/>
</kw>
<kw name="Sleep" library="BuiltIn">
<arg>1</arg>
<doc>Pauses the test executed for the given time.</doc>
<msg timestamp="20240109 18:11:33.747" level="INFO">Slept 1 second</msg>
<status status="PASS" starttime="20240109 18:11:32.741" endtime="20240109 18:11:33.747"/>
</kw>
<kw name="Press Keys" library="SeleniumLibrary">
<arg>${postalcode_textbox}</arg>
<arg>ENTER</arg>
<doc>Simulates the user pressing key(s) to an element or on the active browser.</doc>
<msg timestamp="20240109 18:11:33.748" level="INFO">Sending key(s) ('ENTER',) to css=input[aria-label='Select postal code'] element.</msg>
<msg timestamp="20240109 18:11:34.032" level="INFO">Pressing special key ENTER to element.</msg>
<msg timestamp="20240109 18:11:34.032" level="INFO">Releasing special key ENTER.</msg>
<status status="PASS" starttime="20240109 18:11:33.747" endtime="20240109 18:11:34.038"/>
</kw>
<status status="PASS" starttime="20240109 18:11:30.349" endtime="20240109 18:11:34.038"/>
</kw>
<kw name="Select Country" library="Application">
<arg>${country}</arg>
<kw name="Select From List By Label" library="SeleniumLibrary">
<arg>${country_dropdown}</arg>
<arg>${country}</arg>
<doc>Selects options from selection list ``locator`` by ``labels``.</doc>
<msg timestamp="20240109 18:11:34.040" level="INFO">Selecting options from selection list 'css=select[aria-label='Country']' by label Alaska.</msg>
<status status="PASS" starttime="20240109 18:11:34.040" endtime="20240109 18:11:34.123"/>
</kw>
<status status="PASS" starttime="20240109 18:11:34.038" endtime="20240109 18:11:34.124"/>
</kw>
<kw name="Upload Photo" library="Application">
<kw name="Sleep" library="BuiltIn">
<arg>2</arg>
<doc>Pauses the test executed for the given time.</doc>
<msg timestamp="20240109 18:11:36.128" level="INFO">Slept 2 seconds</msg>
<status status="PASS" starttime="20240109 18:11:34.124" endtime="20240109 18:11:36.128"/>
</kw>
<kw name="Choose File" library="SeleniumLibrary">
<arg>${uploadPhoto_button}</arg>
<arg>${projectPath}${/}Upload File${/}myPhoto.png</arg>
<doc>Inputs the ``file_path`` into the file input field ``locator``.</doc>
<msg timestamp="20240109 18:11:36.129" level="INFO">Sending C:\Users\ECQ1033\Desktop\Optimy\OptimyAuto\Resource\Upload File\myPhoto.png to browser.</msg>
<status status="PASS" starttime="20240109 18:11:36.128" endtime="20240109 18:11:36.171"/>
</kw>
<kw name="Sleep" library="BuiltIn">
<arg>2</arg>
<doc>Pauses the test executed for the given time.</doc>
<msg timestamp="20240109 18:11:38.186" level="INFO">Slept 2 seconds</msg>
<status status="PASS" starttime="20240109 18:11:36.171" endtime="20240109 18:11:38.186"/>
</kw>
<status status="PASS" starttime="20240109 18:11:34.124" endtime="20240109 18:11:38.186"/>
</kw>
<kw name="Select Gender" library="Application">
<kw name="Wait Until Element Is Enabled" library="SeleniumLibrary">
<arg>${male_radiobutton}</arg>
<doc>Waits until the element ``locator`` is enabled.</doc>
<status status="PASS" starttime="20240109 18:11:38.187" endtime="20240109 18:11:38.216"/>
</kw>
<kw name="Click Element" library="SeleniumLibrary">
<arg>${male_radiobutton}</arg>
<doc>Click the element identified by ``locator``.</doc>
<msg timestamp="20240109 18:11:38.216" level="INFO">Clicking element 'css=label[aria-label='Male']'.</msg>
<status status="PASS" starttime="20240109 18:11:38.216" endtime="20240109 18:11:38.272"/>
</kw>
<kw name="Sleep" library="BuiltIn">
<arg>2</arg>
<doc>Pauses the test executed for the given time.</doc>
<msg timestamp="20240109 18:11:40.287" level="INFO">Slept 2 seconds</msg>
<status status="PASS" starttime="20240109 18:11:38.272" endtime="20240109 18:11:40.287"/>
</kw>
<status status="PASS" starttime="20240109 18:11:38.186" endtime="20240109 18:11:40.287"/>
</kw>
<kw name="Select Role" library="Application">
<arg>${role}</arg>
<kw name="Wait Until Element Is Enabled" library="SeleniumLibrary">
<arg>${role_dropdown}</arg>
<doc>Waits until the element ``locator`` is enabled.</doc>
<status status="PASS" starttime="20240109 18:11:40.288" endtime="20240109 18:11:40.315"/>
</kw>
<kw name="Select From List By Label" library="SeleniumLibrary">
<arg>${role_dropdown}</arg>
<arg>${role}</arg>
<doc>Selects options from selection list ``locator`` by ``labels``.</doc>
<msg timestamp="20240109 18:11:40.316" level="INFO">Selecting options from selection list 'css=select[aria-label="Select a role you're applying for"]' by label Automation tester.</msg>
<status status="PASS" starttime="20240109 18:11:40.315" endtime="20240109 18:11:40.384"/>
</kw>
<kw name="Sleep" library="BuiltIn">
<arg>2</arg>
<doc>Pauses the test executed for the given time.</doc>
<msg timestamp="20240109 18:11:42.396" level="INFO">Slept 2 seconds</msg>
<status status="PASS" starttime="20240109 18:11:40.384" endtime="20240109 18:11:42.396"/>
</kw>
<status status="PASS" starttime="20240109 18:11:40.287" endtime="20240109 18:11:42.396"/>
</kw>
<kw name="Select Tools" library="Application">
<arg>${tools}</arg>
<kw name="Click Element" library="SeleniumLibrary">
<arg>css=label[aria-label='${tools}']</arg>
<doc>Click the element identified by ``locator``.</doc>
<msg timestamp="20240109 18:11:42.397" level="INFO">Clicking element 'css=label[aria-label='Java']'.</msg>
<status status="PASS" starttime="20240109 18:11:42.396" endtime="20240109 18:11:42.446"/>
</kw>
<kw name="Sleep" library="BuiltIn">
<arg>2</arg>
<doc>Pauses the test executed for the given time.</doc>
<msg timestamp="20240109 18:11:44.455" level="INFO">Slept 2 seconds</msg>
<status status="PASS" starttime="20240109 18:11:42.447" endtime="20240109 18:11:44.455"/>
</kw>
<status status="PASS" starttime="20240109 18:11:42.396" endtime="20240109 18:11:44.455"/>
</kw>
<kw name="Enter Career Objective" library="Application">
<kw name="Select Frame" library="SeleniumLibrary">
<arg>${careerObjective_iframe}</arg>
<doc>Sets frame identified by ``locator`` as the current frame.</doc>
<msg timestamp="20240109 18:11:44.457" level="INFO">Selecting frame 'css=#cke_1_contents &gt; iframe'.</msg>
<status status="PASS" starttime="20240109 18:11:44.456" endtime="20240109 18:11:44.482"/>
</kw>
<kw name="Sleep" library="BuiltIn">
<arg>2</arg>
<doc>Pauses the test executed for the given time.</doc>
<msg timestamp="20240109 18:11:46.489" level="INFO">Slept 2 seconds</msg>
<status status="PASS" starttime="20240109 18:11:44.484" endtime="20240109 18:11:46.489"/>
</kw>
<kw name="Wait Until Element Is Enabled" library="SeleniumLibrary">
<arg>${careerObjective_textbox}</arg>
<doc>Waits until the element ``locator`` is enabled.</doc>
<status status="PASS" starttime="20240109 18:11:46.490" endtime="20240109 18:11:46.516"/>
</kw>
<kw name="Sleep" library="BuiltIn">
<arg>2</arg>
<doc>Pauses the test executed for the given time.</doc>
<msg timestamp="20240109 18:11:48.521" level="INFO">Slept 2 seconds</msg>
<status status="PASS" starttime="20240109 18:11:46.517" endtime="20240109 18:11:48.521"/>
</kw>
<kw name="Scroll Element Into View" library="SeleniumLibrary">
<arg>${careerObjective_textbox}</arg>
<doc>Scrolls the element identified by ``locator`` into view.</doc>
<status status="PASS" starttime="20240109 18:11:48.521" endtime="20240109 18:11:48.834"/>
</kw>
<kw name="Input Text" library="SeleniumLibrary">
<arg>${careerObjective_textbox}</arg>
<arg>${careerObjective}</arg>
<doc>Types the given ``text`` into the text field identified by ``locator``.</doc>
<msg timestamp="20240109 18:11:48.834" level="INFO">Typing text 'Test career Objective' into text field 'css=body[role='textbox']'.</msg>
<status status="PASS" starttime="20240109 18:11:48.834" endtime="20240109 18:11:48.962"/>
</kw>
<kw name="Sleep" library="BuiltIn">
<arg>2</arg>
<doc>Pauses the test executed for the given time.</doc>
<msg timestamp="20240109 18:11:50.965" level="INFO">Slept 2 seconds</msg>
<status status="PASS" starttime="20240109 18:11:48.962" endtime="20240109 18:11:50.965"/>
</kw>
<kw name="Unselect Frame" library="SeleniumLibrary">
<doc>Sets the main frame as the current frame.</doc>
<status status="PASS" starttime="20240109 18:11:50.965" endtime="20240109 18:11:50.967"/>
</kw>
<kw name="Sleep" library="BuiltIn">
<arg>2</arg>
<doc>Pauses the test executed for the given time.</doc>
<msg timestamp="20240109 18:11:52.975" level="INFO">Slept 2 seconds</msg>
<status status="PASS" starttime="20240109 18:11:50.968" endtime="20240109 18:11:52.975"/>
</kw>
<kw name="Wait Until Element Is Enabled" library="SeleniumLibrary">
<arg>${nextScreen_button}</arg>
<doc>Waits until the element ``locator`` is enabled.</doc>
<status status="PASS" starttime="20240109 18:11:52.975" endtime="20240109 18:11:53.001"/>
</kw>
<kw name="Click Element" library="SeleniumLibrary">
<arg>${nextScreen_button}</arg>
<doc>Click the element identified by ``locator``.</doc>
<msg timestamp="20240109 18:11:53.003" level="INFO">Clicking element 'css=button[id='navButtonNext']'.</msg>
<status status="PASS" starttime="20240109 18:11:53.001" endtime="20240109 18:11:53.051"/>
</kw>
<kw name="Sleep" library="BuiltIn">
<arg>2</arg>
<doc>Pauses the test executed for the given time.</doc>
<msg timestamp="20240109 18:11:55.065" level="INFO">Slept 2 seconds</msg>
<status status="PASS" starttime="20240109 18:11:53.052" endtime="20240109 18:11:55.065"/>
</kw>
<status status="PASS" starttime="20240109 18:11:44.455" endtime="20240109 18:11:55.065"/>
</kw>
<status status="PASS" starttime="20240109 18:11:27.988" endtime="20240109 18:11:55.065"/>
</kw>
<kw name="And User Verify All Inputted Values Are Displayed In Summary Screen" library="Application">
<arg>${role}</arg>
<arg>${tools}</arg>
<arg>${country}</arg>
<kw name="Sleep" library="BuiltIn">
<arg>5</arg>
<doc>Pauses the test executed for the given time.</doc>
<msg timestamp="20240109 18:12:00.072" level="INFO">Slept 5 seconds</msg>
<status status="PASS" starttime="20240109 18:11:55.065" endtime="20240109 18:12:00.072"/>
</kw>
<kw name="Wait Until Page Contains" library="SeleniumLibrary">
<arg>Summary</arg>
<doc>Waits until ``text`` appears on the current page.</doc>
<status status="PASS" starttime="20240109 18:12:00.072" endtime="20240109 18:12:01.542"/>
</kw>
<kw name="Page Should Contain" library="SeleniumLibrary">
<arg>${firstname}</arg>
<doc>Verifies that current page contains ``text``.</doc>
<msg timestamp="20240109 18:12:01.558" level="INFO">Current page contains text 'Ronwald'.</msg>
<status status="PASS" starttime="20240109 18:12:01.543" endtime="20240109 18:12:01.558"/>
</kw>
<kw name="Page Should Contain" library="SeleniumLibrary">
<arg>${lastname}</arg>
<doc>Verifies that current page contains ``text``.</doc>
<msg timestamp="20240109 18:12:01.575" level="INFO">Current page contains text 'Test'.</msg>
<status status="PASS" starttime="20240109 18:12:01.558" endtime="20240109 18:12:01.576"/>
</kw>
<kw name="Page Should Contain" library="SeleniumLibrary">
<arg>${unitNumber}</arg>
<doc>Verifies that current page contains ``text``.</doc>
<msg timestamp="20240109 18:12:01.591" level="INFO">Current page contains text 'Unit 100 Test St'.</msg>
<status status="PASS" starttime="20240109 18:12:01.576" endtime="20240109 18:12:01.591"/>
</kw>
<kw name="Page Should Contain" library="SeleniumLibrary">
<arg>1000 - Bruxelles / Brussel</arg>
<doc>Verifies that current page contains ``text``.</doc>
<msg timestamp="20240109 18:12:01.609" level="INFO">Current page contains text '1000 - Bruxelles / Brussel'.</msg>
<status status="PASS" starttime="20240109 18:12:01.592" endtime="20240109 18:12:01.609"/>
</kw>
<kw name="Page Should Contain" library="SeleniumLibrary">
<arg>${country}</arg>
<doc>Verifies that current page contains ``text``.</doc>
<msg timestamp="20240109 18:12:01.624" level="INFO">Current page contains text 'Alaska'.</msg>
<status status="PASS" starttime="20240109 18:12:01.610" endtime="20240109 18:12:01.624"/>
</kw>
<kw name="Page Should Contain" library="SeleniumLibrary">
<arg>Male</arg>
<doc>Verifies that current page contains ``text``.</doc>
<msg timestamp="20240109 18:12:01.640" level="INFO">Current page contains text 'Male'.</msg>
<status status="PASS" starttime="20240109 18:12:01.624" endtime="20240109 18:12:01.640"/>
</kw>
<kw name="Page Should Contain" library="SeleniumLibrary">
<arg>${role}</arg>
<doc>Verifies that current page contains ``text``.</doc>
<msg timestamp="20240109 18:12:01.657" level="INFO">Current page contains text 'Automation tester'.</msg>
<status status="PASS" starttime="20240109 18:12:01.640" endtime="20240109 18:12:01.657"/>
</kw>
<kw name="Page Should Contain" library="SeleniumLibrary">
<arg>${tools}</arg>
<doc>Verifies that current page contains ``text``.</doc>
<msg timestamp="20240109 18:12:01.673" level="INFO">Current page contains text 'Java'.</msg>
<status status="PASS" starttime="20240109 18:12:01.658" endtime="20240109 18:12:01.673"/>
</kw>
<kw name="Page Should Contain" library="SeleniumLibrary">
<arg>${careerObjective}</arg>
<doc>Verifies that current page contains ``text``.</doc>
<msg timestamp="20240109 18:12:01.692" level="INFO">Current page contains text 'Test career Objective'.</msg>
<status status="PASS" starttime="20240109 18:12:01.673" endtime="20240109 18:12:01.692"/>
</kw>
<kw name="Capture Page Screenshot" library="SeleniumLibrary">
<doc>Takes a screenshot of the current page and embeds it into a log file.</doc>
<msg timestamp="20240109 18:12:01.886" level="INFO" html="true">&lt;/td&gt;&lt;/tr&gt;&lt;tr&gt;&lt;td colspan="3"&gt;&lt;a href="selenium-screenshot-3.png"&gt;&lt;img src="selenium-screenshot-3.png" width="800px"&gt;&lt;/a&gt;</msg>
<status status="PASS" starttime="20240109 18:12:01.692" endtime="20240109 18:12:01.886"/>
</kw>
<status status="PASS" starttime="20240109 18:11:55.065" endtime="20240109 18:12:01.886"/>
</kw>
<kw name="And User Click Validate and send button" library="Application">
<kw name="Wait Until Element Is Enabled" library="SeleniumLibrary">
<arg>${submit_button}</arg>
<doc>Waits until the element ``locator`` is enabled.</doc>
<status status="PASS" starttime="20240109 18:12:01.887" endtime="20240109 18:12:01.914"/>
</kw>
<kw name="Click Element" library="SeleniumLibrary">
<arg>${submit_button}</arg>
<doc>Click the element identified by ``locator``.</doc>
<msg timestamp="20240109 18:12:01.916" level="INFO">Clicking element 'css=button[class='btn btn-primary ml-md-auto']'.</msg>
<status status="PASS" starttime="20240109 18:12:01.914" endtime="20240109 18:12:01.960"/>
</kw>
<kw name="Sleep" library="BuiltIn">
<arg>5</arg>
<doc>Pauses the test executed for the given time.</doc>
<msg timestamp="20240109 18:12:06.972" level="INFO">Slept 5 seconds</msg>
<status status="PASS" starttime="20240109 18:12:01.961" endtime="20240109 18:12:06.972"/>
</kw>
<status status="PASS" starttime="20240109 18:12:01.886" endtime="20240109 18:12:06.972"/>
</kw>
<kw name="Then Verify User Is Redirected To Confirmation Page" library="Application">
<kw name="Page Should Contain" library="SeleniumLibrary">
<arg>Thank you for submitting your project</arg>
<doc>Verifies that current page contains ``text``.</doc>
<msg timestamp="20240109 18:12:06.988" level="INFO">Current page contains text 'Thank you for submitting your project'.</msg>
<status status="PASS" starttime="20240109 18:12:06.974" endtime="20240109 18:12:06.988"/>
</kw>
<kw name="Capture Page Screenshot" library="SeleniumLibrary">
<doc>Takes a screenshot of the current page and embeds it into a log file.</doc>
<msg timestamp="20240109 18:12:07.140" level="INFO" html="true">&lt;/td&gt;&lt;/tr&gt;&lt;tr&gt;&lt;td colspan="3"&gt;&lt;a href="selenium-screenshot-4.png"&gt;&lt;img src="selenium-screenshot-4.png" width="800px"&gt;&lt;/a&gt;</msg>
<status status="PASS" starttime="20240109 18:12:06.988" endtime="20240109 18:12:07.141"/>
</kw>
<kw name="Close Browser" library="SeleniumLibrary">
<doc>Closes the current browser.</doc>
<status status="PASS" starttime="20240109 18:12:07.141" endtime="20240109 18:12:09.281"/>
</kw>
<status status="PASS" starttime="20240109 18:12:06.972" endtime="20240109 18:12:09.281"/>
</kw>
<status status="PASS" starttime="20240109 18:10:57.650" endtime="20240109 18:12:09.281"/>
</kw>
<kw name="Submitting New Application">
<arg>Manual + Automation tester</arg>
<arg>Spreadsheet</arg>
<arg>Austria</arg>
<kw name="Given User accesses the Home page" library="Application">
<kw name="Open Browser" library="SeleniumLibrary">
<arg>${appURL}</arg>
<arg>${browser}</arg>
<doc>Opens a new browser instance to the optional ``url``.</doc>
<msg timestamp="20240109 18:12:09.283" level="INFO">Opening browser 'chrome' to base url 'https://automationinterface1.front.staging.optimy.net/en/'.</msg>
<status status="PASS" starttime="20240109 18:12:09.282" endtime="20240109 18:12:12.632"/>
</kw>
<kw name="Maximize Browser Window" library="SeleniumLibrary">
<doc>Maximizes current browser window.</doc>
<status status="PASS" starttime="20240109 18:12:12.632" endtime="20240109 18:12:12.757"/>
</kw>
<status status="PASS" starttime="20240109 18:12:09.282" endtime="20240109 18:12:12.758"/>
</kw>
<kw name="And User Login using the credentials" library="Application">
<kw name="Sleep" library="BuiltIn">
<arg>2</arg>
<doc>Pauses the test executed for the given time.</doc>
<msg timestamp="20240109 18:12:14.764" level="INFO">Slept 2 seconds</msg>
<status status="PASS" starttime="20240109 18:12:12.758" endtime="20240109 18:12:14.764"/>
</kw>
<kw name="Handle Alert" library="Application">
<kw name="Run Keyword And Return Status" library="BuiltIn">
<var>${present}</var>
<arg>Page Should Contain</arg>
<arg>This website uses cookies</arg>
<doc>Runs the given keyword with given arguments and returns the status as a Boolean value.</doc>
<kw name="Page Should Contain" library="SeleniumLibrary">
<arg>This website uses cookies</arg>
<doc>Verifies that current page contains ``text``.</doc>
<msg timestamp="20240109 18:12:14.783" level="INFO">Current page contains text 'This website uses cookies'.</msg>
<status status="PASS" starttime="20240109 18:12:14.765" endtime="20240109 18:12:14.783"/>
</kw>
<msg timestamp="20240109 18:12:14.783" level="INFO">${present} = True</msg>
<status status="PASS" starttime="20240109 18:12:14.764" endtime="20240109 18:12:14.783"/>
</kw>
<kw name="Log" library="BuiltIn">
<arg>${present}</arg>
<doc>Logs the given message with the given level.</doc>
<msg timestamp="20240109 18:12:14.784" level="INFO">True</msg>
<status status="PASS" starttime="20240109 18:12:14.783" endtime="20240109 18:12:14.784"/>
</kw>
<kw name="Run Keyword If" library="BuiltIn">
<arg>${present}</arg>
<arg>Click Element</arg>
<arg>${cookie_popup}</arg>
<doc>Runs the given keyword with the given arguments, if ``condition`` is true.</doc>
<kw name="Click Element" library="SeleniumLibrary">
<arg>${cookie_popup}</arg>
<doc>Click the element identified by ``locator``.</doc>
<msg timestamp="20240109 18:12:14.785" level="INFO">Clicking element 'css=#cookie-close-button &gt; span'.</msg>
<status status="PASS" starttime="20240109 18:12:14.784" endtime="20240109 18:12:14.843"/>
</kw>
<status status="PASS" starttime="20240109 18:12:14.784" endtime="20240109 18:12:14.843"/>
</kw>
<kw name="Log" library="BuiltIn">
<arg>${present}</arg>
<doc>Logs the given message with the given level.</doc>
<msg timestamp="20240109 18:12:14.844" level="INFO">True</msg>
<status status="PASS" starttime="20240109 18:12:14.844" endtime="20240109 18:12:14.844"/>
</kw>
<status status="PASS" starttime="20240109 18:12:14.764" endtime="20240109 18:12:14.844"/>
</kw>
<kw name="Sleep" library="BuiltIn">
<arg>1</arg>
<doc>Pauses the test executed for the given time.</doc>
<msg timestamp="20240109 18:12:15.859" level="INFO">Slept 1 second</msg>
<status status="PASS" starttime="20240109 18:12:14.844" endtime="20240109 18:12:15.859"/>
</kw>
<kw name="Click Element" library="SeleniumLibrary">
<arg>${login_link}</arg>
<doc>Click the element identified by ``locator``.</doc>
<msg timestamp="20240109 18:12:15.860" level="INFO">Clicking element 'css=header &gt; div &gt; div &gt; a'.</msg>
<status status="PASS" starttime="20240109 18:12:15.859" endtime="20240109 18:12:17.423"/>
</kw>
<kw name="Input Text" library="SeleniumLibrary">
<arg>${login_email_textbox}</arg>
<arg>${username}</arg>
<doc>Types the given ``text`` into the text field identified by ``locator``.</doc>
<msg timestamp="20240109 18:12:17.425" level="INFO">Typing text 'optimyautomationtester@gmail.com' into text field 'css=#login-email'.</msg>
<status status="PASS" starttime="20240109 18:12:17.423" endtime="20240109 18:12:17.604"/>
</kw>
<kw name="Sleep" library="BuiltIn">
<arg>1</arg>
<doc>Pauses the test executed for the given time.</doc>
<msg timestamp="20240109 18:12:18.618" level="INFO">Slept 1 second</msg>
<status status="PASS" starttime="20240109 18:12:17.604" endtime="20240109 18:12:18.618"/>
</kw>
<kw name="Input Text" library="SeleniumLibrary">
<arg>${login_password_textbox}</arg>
<arg>${password}</arg>
<doc>Types the given ``text`` into the text field identified by ``locator``.</doc>
<msg timestamp="20240109 18:12:18.618" level="INFO">Typing text 'yRMhojb7' into text field 'css=#login-password'.</msg>
<status status="PASS" starttime="20240109 18:12:18.618" endtime="20240109 18:12:18.722"/>
</kw>
<kw name="Sleep" library="BuiltIn">
<arg>1</arg>
<doc>Pauses the test executed for the given time.</doc>
<msg timestamp="20240109 18:12:19.730" level="INFO">Slept 1 second</msg>
<status status="PASS" starttime="20240109 18:12:18.722" endtime="20240109 18:12:19.730"/>
</kw>
<kw name="Click Element" library="SeleniumLibrary">
<arg>${login_button}</arg>
<doc>Click the element identified by ``locator``.</doc>
<msg timestamp="20240109 18:12:19.731" level="INFO">Clicking element 'css=#login-form &gt; div&gt; button'.</msg>
<status status="PASS" starttime="20240109 18:12:19.730" endtime="20240109 18:12:21.324"/>
</kw>
<status status="PASS" starttime="20240109 18:12:12.758" endtime="20240109 18:12:21.324"/>
</kw>
<kw name="And User click Submit a new application button" library="Application">
<kw name="Sleep" library="BuiltIn">
<arg>1</arg>
<doc>Pauses the test executed for the given time.</doc>
<msg timestamp="20240109 18:12:22.331" level="INFO">Slept 1 second</msg>
<status status="PASS" starttime="20240109 18:12:21.325" endtime="20240109 18:12:22.331"/>
</kw>
<kw name="Click Element" library="SeleniumLibrary">
<arg>${submit_new_application_link}</arg>
<doc>Click the element identified by ``locator``.</doc>
<msg timestamp="20240109 18:12:22.332" level="INFO">Clicking element 'css=#content &gt; div &gt; div &gt; div &gt; div &gt; a'.</msg>
<status status="PASS" starttime="20240109 18:12:22.331" endtime="20240109 18:12:25.331"/>
</kw>
<kw name="Sleep" library="BuiltIn">
<arg>1</arg>
<doc>Pauses the test executed for the given time.</doc>
<msg timestamp="20240109 18:12:26.343" level="INFO">Slept 1 second</msg>
<status status="PASS" starttime="20240109 18:12:25.331" endtime="20240109 18:12:26.343"/>
</kw>
<kw name="Click Element" library="SeleniumLibrary">
<arg>${submit_new_application_link2}</arg>
<doc>Click the element identified by ``locator``.</doc>
<msg timestamp="20240109 18:12:26.344" level="INFO">Clicking element 'css=#content &gt; div &gt; div &gt; div &gt; div &gt; section &gt; div &gt; a'.</msg>
<status status="PASS" starttime="20240109 18:12:26.343" endtime="20240109 18:12:35.647"/>
</kw>
<kw name="Sleep" library="BuiltIn">
<arg>5</arg>
<doc>Pauses the test executed for the given time.</doc>
<msg timestamp="20240109 18:12:40.657" level="INFO">Slept 5 seconds</msg>
<status status="PASS" starttime="20240109 18:12:35.647" endtime="20240109 18:12:40.657"/>
</kw>
<status status="PASS" starttime="20240109 18:12:21.325" endtime="20240109 18:12:40.657"/>
</kw>
<kw name="And User Fill-out the forms" library="Application">
<arg>${role}</arg>
<arg>${tools}</arg>
<arg>${country}</arg>
<kw name="Page Should Contain" library="SeleniumLibrary">
<arg>Fill-out all forms</arg>
<doc>Verifies that current page contains ``text``.</doc>
<msg timestamp="20240109 18:12:40.672" level="INFO">Current page contains text 'Fill-out all forms'.</msg>
<status status="PASS" starttime="20240109 18:12:40.658" endtime="20240109 18:12:40.672"/>
</kw>
<kw name="Enter Personal Details" library="Application">
<kw name="Input Text" library="SeleniumLibrary">
<arg>${firstname_textbox}</arg>
<arg>${firstname}</arg>
<doc>Types the given ``text`` into the text field identified by ``locator``.</doc>
<msg timestamp="20240109 18:12:40.674" level="INFO">Typing text 'Ronwald' into text field 'css=input[aria-label='First name']'.</msg>
<status status="PASS" starttime="20240109 18:12:40.673" endtime="20240109 18:12:40.777"/>
</kw>
<kw name="Input Text" library="SeleniumLibrary">
<arg>${lastname_textbox}</arg>
<arg>${lastname}</arg>
<doc>Types the given ``text`` into the text field identified by ``locator``.</doc>
<msg timestamp="20240109 18:12:40.778" level="INFO">Typing text 'Test' into text field 'css=input[aria-label='Last name']'.</msg>
<status status="PASS" starttime="20240109 18:12:40.777" endtime="20240109 18:12:40.880"/>
</kw>
<kw name="Sleep" library="BuiltIn">
<arg>1</arg>
<doc>Pauses the test executed for the given time.</doc>
<msg timestamp="20240109 18:12:41.894" level="INFO">Slept 1 second</msg>
<status status="PASS" starttime="20240109 18:12:40.880" endtime="20240109 18:12:41.894"/>
</kw>
<status status="PASS" starttime="20240109 18:12:40.673" endtime="20240109 18:12:41.894"/>
</kw>
<kw name="Enter Address" library="Application">
<kw name="Input Text" library="SeleniumLibrary">
<arg>${unitNo_textbox}</arg>
<arg>${unitNumber}</arg>
<doc>Types the given ``text`` into the text field identified by ``locator``.</doc>
<msg timestamp="20240109 18:12:41.896" level="INFO">Typing text 'Unit 100 Test St' into text field 'css=textarea[aria-label='Unit no/House no, Street']'.</msg>
<status status="PASS" starttime="20240109 18:12:41.894" endtime="20240109 18:12:42.006"/>
</kw>
<kw name="Sleep" library="BuiltIn">
<arg>1</arg>
<doc>Pauses the test executed for the given time.</doc>
<msg timestamp="20240109 18:12:43.011" level="INFO">Slept 1 second</msg>
<status status="PASS" starttime="20240109 18:12:42.007" endtime="20240109 18:12:43.011"/>
</kw>
<status status="PASS" starttime="20240109 18:12:41.894" endtime="20240109 18:12:43.011"/>
</kw>
<kw name="Select Postal Code" library="Application">
<kw name="Input Text" library="SeleniumLibrary">
<arg>${postalcode_textbox}</arg>
<arg>1000</arg>
<doc>Types the given ``text`` into the text field identified by ``locator``.</doc>
<msg timestamp="20240109 18:12:43.012" level="INFO">Typing text '1000' into text field 'css=input[aria-label='Select postal code']'.</msg>
<status status="PASS" starttime="20240109 18:12:43.011" endtime="20240109 18:12:43.106"/>
</kw>
<kw name="Sleep" library="BuiltIn">
<arg>2</arg>
<doc>Pauses the test executed for the given time.</doc>
<msg timestamp="20240109 18:12:45.108" level="INFO">Slept 2 seconds</msg>
<status status="PASS" starttime="20240109 18:12:43.106" endtime="20240109 18:12:45.108"/>
</kw>
<kw name="Press Keys" library="SeleniumLibrary">
<arg>${postalcode_textbox}</arg>
<arg>DOWN</arg>
<doc>Simulates the user pressing key(s) to an element or on the active browser.</doc>
<msg timestamp="20240109 18:12:45.109" level="INFO">Sending key(s) ('DOWN',) to css=input[aria-label='Select postal code'] element.</msg>
<msg timestamp="20240109 18:12:45.390" level="INFO">Pressing special key DOWN to element.</msg>
<msg timestamp="20240109 18:12:45.390" level="INFO">Releasing special key DOWN.</msg>
<status status="PASS" starttime="20240109 18:12:45.108" endtime="20240109 18:12:45.400"/>
</kw>
<kw name="Sleep" library="BuiltIn">
<arg>1</arg>
<doc>Pauses the test executed for the given time.</doc>
<msg timestamp="20240109 18:12:46.402" level="INFO">Slept 1 second</msg>
<status status="PASS" starttime="20240109 18:12:45.400" endtime="20240109 18:12:46.402"/>
</kw>
<kw name="Press Keys" library="SeleniumLibrary">
<arg>${postalcode_textbox}</arg>
<arg>ENTER</arg>
<doc>Simulates the user pressing key(s) to an element or on the active browser.</doc>
<msg timestamp="20240109 18:12:46.404" level="INFO">Sending key(s) ('ENTER',) to css=input[aria-label='Select postal code'] element.</msg>
<msg timestamp="20240109 18:12:46.688" level="INFO">Pressing special key ENTER to element.</msg>
<msg timestamp="20240109 18:12:46.688" level="INFO">Releasing special key ENTER.</msg>
<status status="PASS" starttime="20240109 18:12:46.402" endtime="20240109 18:12:46.696"/>
</kw>
<status status="PASS" starttime="20240109 18:12:43.011" endtime="20240109 18:12:46.696"/>
</kw>
<kw name="Select Country" library="Application">
<arg>${country}</arg>
<kw name="Select From List By Label" library="SeleniumLibrary">
<arg>${country_dropdown}</arg>
<arg>${country}</arg>
<doc>Selects options from selection list ``locator`` by ``labels``.</doc>
<msg timestamp="20240109 18:12:46.698" level="INFO">Selecting options from selection list 'css=select[aria-label='Country']' by label Austria.</msg>
<status status="PASS" starttime="20240109 18:12:46.697" endtime="20240109 18:12:46.791"/>
</kw>
<status status="PASS" starttime="20240109 18:12:46.696" endtime="20240109 18:12:46.791"/>
</kw>
<kw name="Upload Photo" library="Application">
<kw name="Sleep" library="BuiltIn">
<arg>2</arg>
<doc>Pauses the test executed for the given time.</doc>
<msg timestamp="20240109 18:12:48.798" level="INFO">Slept 2 seconds</msg>
<status status="PASS" starttime="20240109 18:12:46.791" endtime="20240109 18:12:48.798"/>
</kw>
<kw name="Choose File" library="SeleniumLibrary">
<arg>${uploadPhoto_button}</arg>
<arg>${projectPath}${/}Upload File${/}myPhoto.png</arg>
<doc>Inputs the ``file_path`` into the file input field ``locator``.</doc>
<msg timestamp="20240109 18:12:48.799" level="INFO">Sending C:\Users\ECQ1033\Desktop\Optimy\OptimyAuto\Resource\Upload File\myPhoto.png to browser.</msg>
<status status="PASS" starttime="20240109 18:12:48.798" endtime="20240109 18:12:48.842"/>
</kw>
<kw name="Sleep" library="BuiltIn">
<arg>2</arg>
<doc>Pauses the test executed for the given time.</doc>
<msg timestamp="20240109 18:12:50.851" level="INFO">Slept 2 seconds</msg>
<status status="PASS" starttime="20240109 18:12:48.842" endtime="20240109 18:12:50.851"/>
</kw>
<status status="PASS" starttime="20240109 18:12:46.791" endtime="20240109 18:12:50.851"/>
</kw>
<kw name="Select Gender" library="Application">
<kw name="Wait Until Element Is Enabled" library="SeleniumLibrary">
<arg>${male_radiobutton}</arg>
<doc>Waits until the element ``locator`` is enabled.</doc>
<status status="PASS" starttime="20240109 18:12:50.851" endtime="20240109 18:12:50.879"/>
</kw>
<kw name="Click Element" library="SeleniumLibrary">
<arg>${male_radiobutton}</arg>
<doc>Click the element identified by ``locator``.</doc>
<msg timestamp="20240109 18:12:50.880" level="INFO">Clicking element 'css=label[aria-label='Male']'.</msg>
<status status="PASS" starttime="20240109 18:12:50.879" endtime="20240109 18:12:50.936"/>
</kw>
<kw name="Sleep" library="BuiltIn">
<arg>2</arg>
<doc>Pauses the test executed for the given time.</doc>
<msg timestamp="20240109 18:12:52.948" level="INFO">Slept 2 seconds</msg>
<status status="PASS" starttime="20240109 18:12:50.936" endtime="20240109 18:12:52.948"/>
</kw>
<status status="PASS" starttime="20240109 18:12:50.851" endtime="20240109 18:12:52.948"/>
</kw>
<kw name="Select Role" library="Application">
<arg>${role}</arg>
<kw name="Wait Until Element Is Enabled" library="SeleniumLibrary">
<arg>${role_dropdown}</arg>
<doc>Waits until the element ``locator`` is enabled.</doc>
<status status="PASS" starttime="20240109 18:12:52.949" endtime="20240109 18:12:52.978"/>
</kw>
<kw name="Select From List By Label" library="SeleniumLibrary">
<arg>${role_dropdown}</arg>
<arg>${role}</arg>
<doc>Selects options from selection list ``locator`` by ``labels``.</doc>
<msg timestamp="20240109 18:12:52.979" level="INFO">Selecting options from selection list 'css=select[aria-label="Select a role you're applying for"]' by label Manual + Automation tester.</msg>
<status status="PASS" starttime="20240109 18:12:52.978" endtime="20240109 18:12:53.047"/>
</kw>
<kw name="Sleep" library="BuiltIn">
<arg>2</arg>
<doc>Pauses the test executed for the given time.</doc>
<msg timestamp="20240109 18:12:55.050" level="INFO">Slept 2 seconds</msg>
<status status="PASS" starttime="20240109 18:12:53.047" endtime="20240109 18:12:55.050"/>
</kw>
<status status="PASS" starttime="20240109 18:12:52.948" endtime="20240109 18:12:55.050"/>
</kw>
<kw name="Select Tools" library="Application">
<arg>${tools}</arg>
<kw name="Click Element" library="SeleniumLibrary">
<arg>css=label[aria-label='${tools}']</arg>
<doc>Click the element identified by ``locator``.</doc>
<msg timestamp="20240109 18:12:55.052" level="INFO">Clicking element 'css=label[aria-label='Spreadsheet']'.</msg>
<status status="PASS" starttime="20240109 18:12:55.051" endtime="20240109 18:12:55.103"/>
</kw>
<kw name="Sleep" library="BuiltIn">
<arg>2</arg>
<doc>Pauses the test executed for the given time.</doc>
<msg timestamp="20240109 18:12:57.117" level="INFO">Slept 2 seconds</msg>
<status status="PASS" starttime="20240109 18:12:55.103" endtime="20240109 18:12:57.117"/>
</kw>
<status status="PASS" starttime="20240109 18:12:55.051" endtime="20240109 18:12:57.117"/>
</kw>
<kw name="Enter Career Objective" library="Application">
<kw name="Select Frame" library="SeleniumLibrary">
<arg>${careerObjective_iframe}</arg>
<doc>Sets frame identified by ``locator`` as the current frame.</doc>
<msg timestamp="20240109 18:12:57.118" level="INFO">Selecting frame 'css=#cke_1_contents &gt; iframe'.</msg>
<status status="PASS" starttime="20240109 18:12:57.118" endtime="20240109 18:12:57.146"/>
</kw>
<kw name="Sleep" library="BuiltIn">
<arg>2</arg>
<doc>Pauses the test executed for the given time.</doc>
<msg timestamp="20240109 18:12:59.160" level="INFO">Slept 2 seconds</msg>
<status status="PASS" starttime="20240109 18:12:57.146" endtime="20240109 18:12:59.160"/>
</kw>
<kw name="Wait Until Element Is Enabled" library="SeleniumLibrary">
<arg>${careerObjective_textbox}</arg>
<doc>Waits until the element ``locator`` is enabled.</doc>
<status status="PASS" starttime="20240109 18:12:59.160" endtime="20240109 18:12:59.187"/>
</kw>
<kw name="Sleep" library="BuiltIn">
<arg>2</arg>
<doc>Pauses the test executed for the given time.</doc>
<msg timestamp="20240109 18:13:01.194" level="INFO">Slept 2 seconds</msg>
<status status="PASS" starttime="20240109 18:12:59.187" endtime="20240109 18:13:01.194"/>
</kw>
<kw name="Scroll Element Into View" library="SeleniumLibrary">
<arg>${careerObjective_textbox}</arg>
<doc>Scrolls the element identified by ``locator`` into view.</doc>
<status status="PASS" starttime="20240109 18:13:01.194" endtime="20240109 18:13:01.519"/>
</kw>
<kw name="Input Text" library="SeleniumLibrary">
<arg>${careerObjective_textbox}</arg>
<arg>${careerObjective}</arg>
<doc>Types the given ``text`` into the text field identified by ``locator``.</doc>
<msg timestamp="20240109 18:13:01.520" level="INFO">Typing text 'Test career Objective' into text field 'css=body[role='textbox']'.</msg>
<status status="PASS" starttime="20240109 18:13:01.519" endtime="20240109 18:13:01.655"/>
</kw>
<kw name="Sleep" library="BuiltIn">
<arg>2</arg>
<doc>Pauses the test executed for the given time.</doc>
<msg timestamp="20240109 18:13:03.666" level="INFO">Slept 2 seconds</msg>
<status status="PASS" starttime="20240109 18:13:01.655" endtime="20240109 18:13:03.666"/>
</kw>
<kw name="Unselect Frame" library="SeleniumLibrary">
<doc>Sets the main frame as the current frame.</doc>
<status status="PASS" starttime="20240109 18:13:03.666" endtime="20240109 18:13:03.668"/>
</kw>
<kw name="Sleep" library="BuiltIn">
<arg>2</arg>
<doc>Pauses the test executed for the given time.</doc>
<msg timestamp="20240109 18:13:05.669" level="INFO">Slept 2 seconds</msg>
<status status="PASS" starttime="20240109 18:13:03.668" endtime="20240109 18:13:05.669"/>
</kw>
<kw name="Wait Until Element Is Enabled" library="SeleniumLibrary">
<arg>${nextScreen_button}</arg>
<doc>Waits until the element ``locator`` is enabled.</doc>
<status status="PASS" starttime="20240109 18:13:05.669" endtime="20240109 18:13:05.696"/>
</kw>
<kw name="Click Element" library="SeleniumLibrary">
<arg>${nextScreen_button}</arg>
<doc>Click the element identified by ``locator``.</doc>
<msg timestamp="20240109 18:13:05.697" level="INFO">Clicking element 'css=button[id='navButtonNext']'.</msg>
<status status="PASS" starttime="20240109 18:13:05.696" endtime="20240109 18:13:05.749"/>
</kw>
<kw name="Sleep" library="BuiltIn">
<arg>2</arg>
<doc>Pauses the test executed for the given time.</doc>
<msg timestamp="20240109 18:13:07.760" level="INFO">Slept 2 seconds</msg>
<status status="PASS" starttime="20240109 18:13:05.751" endtime="20240109 18:13:07.760"/>
</kw>
<status status="PASS" starttime="20240109 18:12:57.117" endtime="20240109 18:13:07.760"/>
</kw>
<status status="PASS" starttime="20240109 18:12:40.657" endtime="20240109 18:13:07.760"/>
</kw>
<kw name="And User Verify All Inputted Values Are Displayed In Summary Screen" library="Application">
<arg>${role}</arg>
<arg>${tools}</arg>
<arg>${country}</arg>
<kw name="Sleep" library="BuiltIn">
<arg>5</arg>
<doc>Pauses the test executed for the given time.</doc>
<msg timestamp="20240109 18:13:12.774" level="INFO">Slept 5 seconds</msg>
<status status="PASS" starttime="20240109 18:13:07.761" endtime="20240109 18:13:12.774"/>
</kw>
<kw name="Wait Until Page Contains" library="SeleniumLibrary">
<arg>Summary</arg>
<doc>Waits until ``text`` appears on the current page.</doc>
<status status="PASS" starttime="20240109 18:13:12.774" endtime="20240109 18:13:15.011"/>
</kw>
<kw name="Page Should Contain" library="SeleniumLibrary">
<arg>${firstname}</arg>
<doc>Verifies that current page contains ``text``.</doc>
<msg timestamp="20240109 18:13:15.028" level="INFO">Current page contains text 'Ronwald'.</msg>
<status status="PASS" starttime="20240109 18:13:15.011" endtime="20240109 18:13:15.028"/>
</kw>
<kw name="Page Should Contain" library="SeleniumLibrary">
<arg>${lastname}</arg>
<doc>Verifies that current page contains ``text``.</doc>
<msg timestamp="20240109 18:13:15.047" level="INFO">Current page contains text 'Test'.</msg>
<status status="PASS" starttime="20240109 18:13:15.028" endtime="20240109 18:13:15.047"/>
</kw>
<kw name="Page Should Contain" library="SeleniumLibrary">
<arg>${unitNumber}</arg>
<doc>Verifies that current page contains ``text``.</doc>
<msg timestamp="20240109 18:13:15.063" level="INFO">Current page contains text 'Unit 100 Test St'.</msg>
<status status="PASS" starttime="20240109 18:13:15.047" endtime="20240109 18:13:15.063"/>
</kw>
<kw name="Page Should Contain" library="SeleniumLibrary">
<arg>1000 - Bruxelles / Brussel</arg>
<doc>Verifies that current page contains ``text``.</doc>
<msg timestamp="20240109 18:13:15.079" level="INFO">Current page contains text '1000 - Bruxelles / Brussel'.</msg>
<status status="PASS" starttime="20240109 18:13:15.063" endtime="20240109 18:13:15.079"/>
</kw>
<kw name="Page Should Contain" library="SeleniumLibrary">
<arg>${country}</arg>
<doc>Verifies that current page contains ``text``.</doc>
<msg timestamp="20240109 18:13:15.096" level="INFO">Current page contains text 'Austria'.</msg>
<status status="PASS" starttime="20240109 18:13:15.079" endtime="20240109 18:13:15.096"/>
</kw>
<kw name="Page Should Contain" library="SeleniumLibrary">
<arg>Male</arg>
<doc>Verifies that current page contains ``text``.</doc>
<msg timestamp="20240109 18:13:15.112" level="INFO">Current page contains text 'Male'.</msg>
<status status="PASS" starttime="20240109 18:13:15.096" endtime="20240109 18:13:15.112"/>
</kw>
<kw name="Page Should Contain" library="SeleniumLibrary">
<arg>${role}</arg>
<doc>Verifies that current page contains ``text``.</doc>
<msg timestamp="20240109 18:13:15.125" level="INFO">Current page contains text 'Manual + Automation tester'.</msg>
<status status="PASS" starttime="20240109 18:13:15.112" endtime="20240109 18:13:15.126"/>
</kw>
<kw name="Page Should Contain" library="SeleniumLibrary">
<arg>${tools}</arg>
<doc>Verifies that current page contains ``text``.</doc>
<msg timestamp="20240109 18:13:15.143" level="INFO">Current page contains text 'Spreadsheet'.</msg>
<status status="PASS" starttime="20240109 18:13:15.126" endtime="20240109 18:13:15.143"/>
</kw>
<kw name="Page Should Contain" library="SeleniumLibrary">
<arg>${careerObjective}</arg>
<doc>Verifies that current page contains ``text``.</doc>
[...]
<arg>${firstname_textbox}</arg>
<arg>${firstname}</arg>
<doc>Types the given ``text`` into the text field identified by ``locator``.</doc>
<msg timestamp="20240109 18:21:07.828" level="INFO">Typing text 'Ronwald' into text field 'css=input[aria-label='First name']'.</msg>
<status status="PASS" starttime="20240109 18:21:07.827" endtime="20240109 18:21:07.926"/>
</kw>
<kw name="Input Text" library="SeleniumLibrary">
<arg>${lastname_textbox}</arg>
<arg>${lastname}</arg>
<doc>Types the given ``text`` into the text field identified by ``locator``.</doc>
<msg timestamp="20240109 18:21:07.928" level="INFO">Typing text 'Test' into text field 'css=input[aria-label='Last name']'.</msg>
<status status="PASS" starttime="20240109 18:21:07.927" endtime="20240109 18:21:08.035"/>
</kw>
<kw name="Sleep" library="BuiltIn">
<arg>1</arg>
<doc>Pauses the test executed for the given time.</doc>
<msg timestamp="20240109 18:21:09.037" level="INFO">Slept 1 second</msg>
<status status="PASS" starttime="20240109 18:21:08.035" endtime="20240109 18:21:09.037"/>
</kw>
<status status="PASS" starttime="20240109 18:21:07.827" endtime="20240109 18:21:09.037"/>
</kw>
<kw name="Enter Address" library="Application">
<kw name="Input Text" library="SeleniumLibrary">
<arg>${unitNo_textbox}</arg>
<arg>${unitNumber}</arg>
<doc>Types the given ``text`` into the text field identified by ``locator``.</doc>
<msg timestamp="20240109 18:21:09.039" level="INFO">Typing text 'Unit 100 Test St' into text field 'css=textarea[aria-label='Unit no/House no, Street']'.</msg>
<status status="PASS" starttime="20240109 18:21:09.037" endtime="20240109 18:21:09.152"/>
</kw>
<kw name="Sleep" library="BuiltIn">
<arg>1</arg>
<doc>Pauses the test executed for the given time.</doc>
<msg timestamp="20240109 18:21:10.162" level="INFO">Slept 1 second</msg>
<status status="PASS" starttime="20240109 18:21:09.152" endtime="20240109 18:21:10.162"/>
</kw>
<status status="PASS" starttime="20240109 18:21:09.037" endtime="20240109 18:21:10.162"/>
</kw>
<kw name="Select Postal Code" library="Application">
<kw name="Input Text" library="SeleniumLibrary">
<arg>${postalcode_textbox}</arg>
<arg>1000</arg>
<doc>Types the given ``text`` into the text field identified by ``locator``.</doc>
<msg timestamp="20240109 18:21:10.163" level="INFO">Typing text '1000' into text field 'css=input[aria-label='Select postal code']'.</msg>
<status status="PASS" starttime="20240109 18:21:10.163" endtime="20240109 18:21:10.254"/>
</kw>
<kw name="Sleep" library="BuiltIn">
<arg>2</arg>
<doc>Pauses the test executed for the given time.</doc>
<msg timestamp="20240109 18:21:12.263" level="INFO">Slept 2 seconds</msg>
<status status="PASS" starttime="20240109 18:21:10.254" endtime="20240109 18:21:12.263"/>
</kw>
<kw name="Press Keys" library="SeleniumLibrary">
<arg>${postalcode_textbox}</arg>
<arg>DOWN</arg>
<doc>Simulates the user pressing key(s) to an element or on the active browser.</doc>
<msg timestamp="20240109 18:21:12.264" level="INFO">Sending key(s) ('DOWN',) to css=input[aria-label='Select postal code'] element.</msg>
<msg timestamp="20240109 18:21:12.545" level="INFO">Pressing special key DOWN to element.</msg>
<msg timestamp="20240109 18:21:12.545" level="INFO">Releasing special key DOWN.</msg>
<status status="PASS" starttime="20240109 18:21:12.263" endtime="20240109 18:21:12.556"/>
</kw>
<kw name="Sleep" library="BuiltIn">
<arg>1</arg>
<doc>Pauses the test executed for the given time.</doc>
<msg timestamp="20240109 18:21:13.572" level="INFO">Slept 1 second</msg>
<status status="PASS" starttime="20240109 18:21:12.557" endtime="20240109 18:21:13.572"/>
</kw>
<kw name="Press Keys" library="SeleniumLibrary">
<arg>${postalcode_textbox}</arg>
<arg>ENTER</arg>
<doc>Simulates the user pressing key(s) to an element or on the active browser.</doc>
<msg timestamp="20240109 18:21:13.573" level="INFO">Sending key(s) ('ENTER',) to css=input[aria-label='Select postal code'] element.</msg>
<msg timestamp="20240109 18:21:13.859" level="INFO">Pressing special key ENTER to element.</msg>
<msg timestamp="20240109 18:21:13.859" level="INFO">Releasing special key ENTER.</msg>
<status status="PASS" starttime="20240109 18:21:13.572" endtime="20240109 18:21:13.866"/>
</kw>
<status status="PASS" starttime="20240109 18:21:10.162" endtime="20240109 18:21:13.866"/>
</kw>
<kw name="Select Country" library="Application">
<arg>${country}</arg>
<kw name="Select From List By Label" library="SeleniumLibrary">
<arg>${country_dropdown}</arg>
<arg>${country}</arg>
<doc>Selects options from selection list ``locator`` by ``labels``.</doc>
<msg timestamp="20240109 18:21:13.867" level="INFO">Selecting options from selection list 'css=select[aria-label='Country']' by label Japan.</msg>
<status status="PASS" starttime="20240109 18:21:13.867" endtime="20240109 18:21:13.956"/>
</kw>
<status status="PASS" starttime="20240109 18:21:13.867" endtime="20240109 18:21:13.956"/>
</kw>
<kw name="Upload Photo" library="Application">
<kw name="Sleep" library="BuiltIn">
<arg>2</arg>
<doc>Pauses the test executed for the given time.</doc>
<msg timestamp="20240109 18:21:15.964" level="INFO">Slept 2 seconds</msg>
<status status="PASS" starttime="20240109 18:21:13.957" endtime="20240109 18:21:15.964"/>
</kw>
<kw name="Choose File" library="SeleniumLibrary">
<arg>${uploadPhoto_button}</arg>
<arg>${projectPath}${/}Upload File${/}myPhoto.png</arg>
<doc>Inputs the ``file_path`` into the file input field ``locator``.</doc>
<msg timestamp="20240109 18:21:15.965" level="INFO">Sending C:\Users\ECQ1033\Desktop\Optimy\OptimyAuto\Resource\Upload File\myPhoto.png to browser.</msg>
<status status="PASS" starttime="20240109 18:21:15.964" endtime="20240109 18:21:16.006"/>
</kw>
<kw name="Sleep" library="BuiltIn">
<arg>2</arg>
<doc>Pauses the test executed for the given time.</doc>
<msg timestamp="20240109 18:21:18.023" level="INFO">Slept 2 seconds</msg>
<status status="PASS" starttime="20240109 18:21:16.008" endtime="20240109 18:21:18.023"/>
</kw>
<status status="PASS" starttime="20240109 18:21:13.956" endtime="20240109 18:21:18.023"/>
</kw>
<kw name="Select Gender" library="Application">
<kw name="Wait Until Element Is Enabled" library="SeleniumLibrary">
<arg>${male_radiobutton}</arg>
<doc>Waits until the element ``locator`` is enabled.</doc>
<status status="PASS" starttime="20240109 18:21:18.023" endtime="20240109 18:21:18.057"/>
</kw>
<kw name="Click Element" library="SeleniumLibrary">
<arg>${male_radiobutton}</arg>
<doc>Click the element identified by ``locator``.</doc>
<msg timestamp="20240109 18:21:18.057" level="INFO">Clicking element 'css=label[aria-label='Male']'.</msg>
<status status="PASS" starttime="20240109 18:21:18.057" endtime="20240109 18:21:18.119"/>
</kw>
<kw name="Sleep" library="BuiltIn">
<arg>2</arg>
<doc>Pauses the test executed for the given time.</doc>
<msg timestamp="20240109 18:21:20.134" level="INFO">Slept 2 seconds</msg>
<status status="PASS" starttime="20240109 18:21:18.119" endtime="20240109 18:21:20.134"/>
</kw>
<status status="PASS" starttime="20240109 18:21:18.023" endtime="20240109 18:21:20.134"/>
</kw>
<kw name="Select Role" library="Application">
<arg>${role}</arg>
<kw name="Wait Until Element Is Enabled" library="SeleniumLibrary">
<arg>${role_dropdown}</arg>
<doc>Waits until the element ``locator`` is enabled.</doc>
<status status="PASS" starttime="20240109 18:21:20.134" endtime="20240109 18:21:20.163"/>
</kw>
<kw name="Select From List By Label" library="SeleniumLibrary">
<arg>${role_dropdown}</arg>
<arg>${role}</arg>
<doc>Selects options from selection list ``locator`` by ``labels``.</doc>
<msg timestamp="20240109 18:21:20.164" level="INFO">Selecting options from selection list 'css=select[aria-label="Select a role you're applying for"]' by label Manual tester.</msg>
<status status="PASS" starttime="20240109 18:21:20.163" endtime="20240109 18:21:20.235"/>
</kw>
<kw name="Sleep" library="BuiltIn">
<arg>2</arg>
<doc>Pauses the test executed for the given time.</doc>
<msg timestamp="20240109 18:21:22.246" level="INFO">Slept 2 seconds</msg>
<status status="PASS" starttime="20240109 18:21:20.235" endtime="20240109 18:21:22.246"/>
</kw>
<status status="PASS" starttime="20240109 18:21:20.134" endtime="20240109 18:21:22.246"/>
</kw>
<kw name="Select Tools" library="Application">
<arg>${tools}</arg>
<kw name="Click Element" library="SeleniumLibrary">
<arg>css=label[aria-label='${tools}']</arg>
<doc>Click the element identified by ``locator``.</doc>
<msg timestamp="20240109 18:21:22.247" level="INFO">Clicking element 'css=label[aria-label='Robot Framework']'.</msg>
<status status="PASS" starttime="20240109 18:21:22.246" endtime="20240109 18:21:22.302"/>
</kw>
<kw name="Sleep" library="BuiltIn">
<arg>2</arg>
<doc>Pauses the test executed for the given time.</doc>
<msg timestamp="20240109 18:21:24.312" level="INFO">Slept 2 seconds</msg>
<status status="PASS" starttime="20240109 18:21:22.302" endtime="20240109 18:21:24.312"/>
</kw>
<status status="PASS" starttime="20240109 18:21:22.246" endtime="20240109 18:21:24.313"/>
</kw>
<kw name="Enter Career Objective" library="Application">
<kw name="Select Frame" library="SeleniumLibrary">
<arg>${careerObjective_iframe}</arg>
<doc>Sets frame identified by ``locator`` as the current frame.</doc>
<msg timestamp="20240109 18:21:24.314" level="INFO">Selecting frame 'css=#cke_1_contents &gt; iframe'.</msg>
<status status="PASS" starttime="20240109 18:21:24.313" endtime="20240109 18:21:24.342"/>
</kw>
<kw name="Sleep" library="BuiltIn">
<arg>2</arg>
<doc>Pauses the test executed for the given time.</doc>
<msg timestamp="20240109 18:21:26.353" level="INFO">Slept 2 seconds</msg>
<status status="PASS" starttime="20240109 18:21:24.342" endtime="20240109 18:21:26.353"/>
</kw>
<kw name="Wait Until Element Is Enabled" library="SeleniumLibrary">
<arg>${careerObjective_textbox}</arg>
<doc>Waits until the element ``locator`` is enabled.</doc>
<status status="PASS" starttime="20240109 18:21:26.353" endtime="20240109 18:21:26.381"/>
</kw>
<kw name="Sleep" library="BuiltIn">
<arg>2</arg>
<doc>Pauses the test executed for the given time.</doc>
<msg timestamp="20240109 18:21:28.385" level="INFO">Slept 2 seconds</msg>
<status status="PASS" starttime="20240109 18:21:26.381" endtime="20240109 18:21:28.385"/>
</kw>
<kw name="Scroll Element Into View" library="SeleniumLibrary">
<arg>${careerObjective_textbox}</arg>
<doc>Scrolls the element identified by ``locator`` into view.</doc>
<status status="PASS" starttime="20240109 18:21:28.385" endtime="20240109 18:21:28.707"/>
</kw>
<kw name="Input Text" library="SeleniumLibrary">
<arg>${careerObjective_textbox}</arg>
<arg>${careerObjective}</arg>
<doc>Types the given ``text`` into the text field identified by ``locator``.</doc>
<msg timestamp="20240109 18:21:28.708" level="INFO">Typing text 'Test career Objective' into text field 'css=body[role='textbox']'.</msg>
<status status="PASS" starttime="20240109 18:21:28.707" endtime="20240109 18:21:28.845"/>
</kw>
<kw name="Sleep" library="BuiltIn">
<arg>2</arg>
<doc>Pauses the test executed for the given time.</doc>
<msg timestamp="20240109 18:21:30.857" level="INFO">Slept 2 seconds</msg>
<status status="PASS" starttime="20240109 18:21:28.845" endtime="20240109 18:21:30.857"/>
</kw>
<kw name="Unselect Frame" library="SeleniumLibrary">
<doc>Sets the main frame as the current frame.</doc>
<status status="PASS" starttime="20240109 18:21:30.857" endtime="20240109 18:21:30.860"/>
</kw>
<kw name="Sleep" library="BuiltIn">
<arg>2</arg>
<doc>Pauses the test executed for the given time.</doc>
<msg timestamp="20240109 18:21:32.863" level="INFO">Slept 2 seconds</msg>
<status status="PASS" starttime="20240109 18:21:30.860" endtime="20240109 18:21:32.863"/>
</kw>
<kw name="Wait Until Element Is Enabled" library="SeleniumLibrary">
<arg>${nextScreen_button}</arg>
<doc>Waits until the element ``locator`` is enabled.</doc>
<status status="PASS" starttime="20240109 18:21:32.863" endtime="20240109 18:21:32.890"/>
</kw>
<kw name="Click Element" library="SeleniumLibrary">
<arg>${nextScreen_button}</arg>
<doc>Click the element identified by ``locator``.</doc>
<msg timestamp="20240109 18:21:32.891" level="INFO">Clicking element 'css=button[id='navButtonNext']'.</msg>
<status status="PASS" starttime="20240109 18:21:32.890" endtime="20240109 18:21:32.938"/>
</kw>
<kw name="Sleep" library="BuiltIn">
<arg>2</arg>
<doc>Pauses the test executed for the given time.</doc>
<msg timestamp="20240109 18:21:34.948" level="INFO">Slept 2 seconds</msg>
<status status="PASS" starttime="20240109 18:21:32.938" endtime="20240109 18:21:34.948"/>
</kw>
<status status="PASS" starttime="20240109 18:21:24.313" endtime="20240109 18:21:34.948"/>
</kw>
<status status="PASS" starttime="20240109 18:21:07.809" endtime="20240109 18:21:34.948"/>
</kw>
<kw name="And User Verify All Inputted Values Are Displayed In Summary Screen" library="Application">
<arg>${role}</arg>
<arg>${tools}</arg>
<arg>${country}</arg>
<kw name="Sleep" library="BuiltIn">
<arg>5</arg>
<doc>Pauses the test executed for the given time.</doc>
<msg timestamp="20240109 18:21:39.953" level="INFO">Slept 5 seconds</msg>
<status status="PASS" starttime="20240109 18:21:34.949" endtime="20240109 18:21:39.953"/>
</kw>
<kw name="Wait Until Page Contains" library="SeleniumLibrary">
<arg>Summary</arg>
<doc>Waits until ``text`` appears on the current page.</doc>
<status status="PASS" starttime="20240109 18:21:39.953" endtime="20240109 18:21:41.339"/>
</kw>
<kw name="Page Should Contain" library="SeleniumLibrary">
<arg>${firstname}</arg>
<doc>Verifies that current page contains ``text``.</doc>
<msg timestamp="20240109 18:21:41.355" level="INFO">Current page contains text 'Ronwald'.</msg>
<status status="PASS" starttime="20240109 18:21:41.340" endtime="20240109 18:21:41.355"/>
</kw>
<kw name="Page Should Contain" library="SeleniumLibrary">
<arg>${lastname}</arg>
<doc>Verifies that current page contains ``text``.</doc>
<msg timestamp="20240109 18:21:41.370" level="INFO">Current page contains text 'Test'.</msg>
<status status="PASS" starttime="20240109 18:21:41.356" endtime="20240109 18:21:41.370"/>
</kw>
<kw name="Page Should Contain" library="SeleniumLibrary">
<arg>${unitNumber}</arg>
<doc>Verifies that current page contains ``text``.</doc>
<msg timestamp="20240109 18:21:41.386" level="INFO">Current page contains text 'Unit 100 Test St'.</msg>
<status status="PASS" starttime="20240109 18:21:41.371" endtime="20240109 18:21:41.386"/>
</kw>
<kw name="Page Should Contain" library="SeleniumLibrary">
<arg>1000 - Bruxelles / Brussel</arg>
<doc>Verifies that current page contains ``text``.</doc>
<msg timestamp="20240109 18:21:41.402" level="INFO">Current page contains text '1000 - Bruxelles / Brussel'.</msg>
<status status="PASS" starttime="20240109 18:21:41.386" endtime="20240109 18:21:41.402"/>
</kw>
<kw name="Page Should Contain" library="SeleniumLibrary">
<arg>${country}</arg>
<doc>Verifies that current page contains ``text``.</doc>
<msg timestamp="20240109 18:21:41.417" level="INFO">Current page contains text 'Japan'.</msg>
<status status="PASS" starttime="20240109 18:21:41.402" endtime="20240109 18:21:41.417"/>
</kw>
<kw name="Page Should Contain" library="SeleniumLibrary">
<arg>Male</arg>
<doc>Verifies that current page contains ``text``.</doc>
<msg timestamp="20240109 18:21:41.433" level="INFO">Current page contains text 'Male'.</msg>
<status status="PASS" starttime="20240109 18:21:41.418" endtime="20240109 18:21:41.433"/>
</kw>
<kw name="Page Should Contain" library="SeleniumLibrary">
<arg>${role}</arg>
<doc>Verifies that current page contains ``text``.</doc>
<msg timestamp="20240109 18:21:41.449" level="INFO">Current page contains text 'Manual tester'.</msg>
<status status="PASS" starttime="20240109 18:21:41.433" endtime="20240109 18:21:41.449"/>
</kw>
<kw name="Page Should Contain" library="SeleniumLibrary">
<arg>${tools}</arg>
<doc>Verifies that current page contains ``text``.</doc>
<msg timestamp="20240109 18:21:41.467" level="INFO">Current page contains text 'Robot Framework'.</msg>
<status status="PASS" starttime="20240109 18:21:41.450" endtime="20240109 18:21:41.467"/>
</kw>
<kw name="Page Should Contain" library="SeleniumLibrary">
<arg>${careerObjective}</arg>
<doc>Verifies that current page contains ``text``.</doc>
<msg timestamp="20240109 18:21:41.482" level="INFO">Current page contains text 'Test career Objective'.</msg>
<status status="PASS" starttime="20240109 18:21:41.467" endtime="20240109 18:21:41.482"/>
</kw>
<kw name="Capture Page Screenshot" library="SeleniumLibrary">
<doc>Takes a screenshot of the current page and embeds it into a log file.</doc>
<msg timestamp="20240109 18:21:41.644" level="INFO" html="true">&lt;/td&gt;&lt;/tr&gt;&lt;tr&gt;&lt;td colspan="3"&gt;&lt;a href="selenium-screenshot-19.png"&gt;&lt;img src="selenium-screenshot-19.png" width="800px"&gt;&lt;/a&gt;</msg>
<status status="PASS" starttime="20240109 18:21:41.482" endtime="20240109 18:21:41.644"/>
</kw>
<status status="PASS" starttime="20240109 18:21:34.948" endtime="20240109 18:21:41.644"/>
</kw>
<kw name="And User Click Validate and send button" library="Application">
<kw name="Wait Until Element Is Enabled" library="SeleniumLibrary">
<arg>${submit_button}</arg>
<doc>Waits until the element ``locator`` is enabled.</doc>
<status status="PASS" starttime="20240109 18:21:41.645" endtime="20240109 18:21:41.673"/>
</kw>
<kw name="Click Element" library="SeleniumLibrary">
<arg>${submit_button}</arg>
<doc>Click the element identified by ``locator``.</doc>
<msg timestamp="20240109 18:21:41.674" level="INFO">Clicking element 'css=button[class='btn btn-primary ml-md-auto']'.</msg>
<status status="PASS" starttime="20240109 18:21:41.673" endtime="20240109 18:21:41.718"/>
</kw>
<kw name="Sleep" library="BuiltIn">
<arg>5</arg>
<doc>Pauses the test executed for the given time.</doc>
<msg timestamp="20240109 18:21:46.732" level="INFO">Slept 5 seconds</msg>
<status status="PASS" starttime="20240109 18:21:41.718" endtime="20240109 18:21:46.732"/>
</kw>
<status status="PASS" starttime="20240109 18:21:41.645" endtime="20240109 18:21:46.732"/>
</kw>
<kw name="Then Verify User Is Redirected To Confirmation Page" library="Application">
<kw name="Page Should Contain" library="SeleniumLibrary">
<arg>Thank you for submitting your project</arg>
<doc>Verifies that current page contains ``text``.</doc>
<msg timestamp="20240109 18:21:46.747" level="INFO">Current page contains text 'Thank you for submitting your project'.</msg>
<status status="PASS" starttime="20240109 18:21:46.733" endtime="20240109 18:21:46.747"/>
</kw>
<kw name="Capture Page Screenshot" library="SeleniumLibrary">
<doc>Takes a screenshot of the current page and embeds it into a log file.</doc>
<msg timestamp="20240109 18:21:46.898" level="INFO" html="true">&lt;/td&gt;&lt;/tr&gt;&lt;tr&gt;&lt;td colspan="3"&gt;&lt;a href="selenium-screenshot-20.png"&gt;&lt;img src="selenium-screenshot-20.png" width="800px"&gt;&lt;/a&gt;</msg>
<status status="PASS" starttime="20240109 18:21:46.747" endtime="20240109 18:21:46.898"/>
</kw>
<kw name="Close Browser" library="SeleniumLibrary">
<doc>Closes the current browser.</doc>
<status status="PASS" starttime="20240109 18:21:46.898" endtime="20240109 18:21:49.044"/>
</kw>
<status status="PASS" starttime="20240109 18:21:46.732" endtime="20240109 18:21:49.044"/>
</kw>
<status status="PASS" starttime="20240109 18:20:38.253" endtime="20240109 18:21:49.044"/>
</kw>
<doc>This test will run 10 times, each test will use different sets of data (role, tools, country)</doc>
<status status="PASS" starttime="20240109 18:09:43.701" endtime="20240109 18:21:49.044"/>
</test>
<status status="PASS" starttime="20240109 18:09:43.461" endtime="20240109 18:21:49.045"/>
</suite>
<statistics>
<total>
<stat pass="1" fail="0" skip="0">All Tests</stat>
</total>
<tag>
</tag>
<suite>
<stat pass="1" fail="0" skip="0" id="s1" name="TestCase1">TestCase1</stat>
</suite>
</statistics>
<errors>
</errors>
</robot>
